-> GET /sso/Login?forwardTo=22&RL=1&ip2loc=US
<- 200 GET /sso/Login?forwardTo=22&RL=1&ip2loc=US
-> GET /css/bootstrap-5.2.2/bootstrap.min.css
-> GET /css/fontawesome-6.2.0/all.min.css
<- 200 GET /css/bootstrap-5.2.2/bootstrap.min.css
-> GET /css/bootstrap-switch-3.3.2/bootstrap-switch.min.css
<- 200 GET /css/bootstrap-switch-3.3.2/bootstrap-switch.min.css
-> GET /css/reg-am/login.min.css
<- 200 GET /css/fontawesome-6.2.0/all.min.css
-> GET /css/ibkr/theme-ibkr-portal.min.css
-> GET /scripts/common/js/jquery-3.7.0/jquery.min.js
-> GET /scripts/common/js/bootstrap-5.2.2/bootstrap.bundle.min.js
-> GET /sso/lib/xyz.bundle.min.js
<- 200 GET /scripts/common/js/jquery-3.7.0/jquery.min.js
<- 200 GET /scripts/common/js/bootstrap-5.2.2/bootstrap.bundle.min.js
<- 200 GET /sso/lib/xyz.bundle.min.js
<- 200 GET /css/reg-am/login.min.css
<- 200 GET /css/ibkr/theme-ibkr-portal.min.css
-> GET /images/common/logos/ibkr/interactive-brokers.svg
-> GET /fonts/proxima-nova/Proxima-Nova-Regular.woff2
-> GET /fonts/fontawesome-6.4.2/webfonts/fa-solid-900.woff2
-> GET /fonts/fontawesome-6.2.0/webfonts/fa-brands-400.woff2
-> GET /fonts/proxima-nova/Proxima-Nova-Semibold.woff2
<- 200 GET /images/common/logos/ibkr/interactive-brokers.svg
<- 200 GET /fonts/fontawesome-6.4.2/webfonts/fa-solid-900.woff2
<- 200 GET /fonts/fontawesome-6.2.0/webfonts/fa-brands-400.woff2
<- 200 GET /fonts/proxima-nova/Proxima-Nova-Regular.woff2
<- 200 GET /fonts/proxima-nova/Proxima-Nova-Semibold.woff2
-> POST /sso/Authenticator
<- 200 POST /sso/Authenticator
-> POST /sso/Authenticator
<- 200 POST /sso/Authenticator
-> POST /sso/Authenticator
<- 200 POST /sso/Authenticator
-> GET /fonts/proxima-nova/proximanova-extrabold.woff2
<- 200 GET /fonts/proxima-nova/proximanova-extrabold.woff2
-> POST /sso/Authenticator
<- 200 POST /sso/Authenticator
-> POST /sso/Authenticator
<- 200 POST /sso/Authenticator
-> POST /sso/Authenticator
<- 200 POST /sso/Authenticator
-> POST /sso/Authenticator
<- 200 POST /sso/Authenticator
-> POST /sso/Authenticator
<- 200 POST /sso/Authenticator
-> POST /sso/Authenticator
<- 200 POST /sso/Authenticator
-> POST /sso/Dispatcher
<- 302 POST /sso/Dispatcher
-> request: /v1/api/sso/validate?gw=1
-> GET /v1/api/sso/validate?gw=1,200|283ms
-> request: /v1/api/one/user
-> request: /v1/api/ssodh/init
-> sso GET https://api.ibkr.com/v1/api/ssodh/init
-> GET /v1/api/one/user,200|729ms
-> request: /v1/api/ssodh/st
-> sso GET https://api.ibkr.com/v1/api/ssodh/st
-> request: /sso/Authenticator?ACTION=PUBLISH_TST&RESP_TYPE=JSON&DEVICE_ID=210b41a5|B0-60-88-AD-8B-80
-> sso GET https://api.ibkr.com/sso/Authenticator?ACTION=PUBLISH_TST&RESP_TYPE=JSON&DEVICE_ID=210b41a5|B0-60-88-AD-8B-80
<- 200 GET https://api.ibkr.com/sso/Authenticator?ACTION=PUBLISH_TST&RESP_TYPE=JSON&DEVICE_ID=210b41a5|B0-60-88-AD-8B-80 0
-> request: /v1/api/iserver/auth/status
-> GET /v1/api/iserver/auth/status,200|370ms
-> request: /v1/api/iserver/auth/ssodh/init
-> POST https://api.ibkr.com/v1/api/iserver/auth/ssodh/init,200|1772ms
-> request: /v1/api/iserver/accounts
-> GET /v1/api/iserver/accounts,200|269ms
-> request: /v1/api/tickle
-> GET /v1/api/tickle,200|248ms
-> request: /v1/api/tickle
-> GET /v1/api/tickle,200|332ms
-> request: /v1/api/tickle
-> GET /v1/api/tickle,200|203ms
-> GET /v1/api/portfolio/U4264576/positions
<- 200 GET /v1/api/portfolio/U4264576/positions
-> GET /v1/api/iserver/marketdata/snapshot?conids=653081429,653081500,672829101,672829170,681926954,681927105,674163806,653250687,653250400,763665580,763665630,653152108,758141216,716497189,703415595,703415862,712169275,712168761,765895478,765895679,653157694,692857360,692857481,728874969,724340545,758162101,763684349,731526272,731526352,754945951,728881746,758152265,763687845,763689106,763689160,728902115,758170739,763732402,763732470,756975736,688043351,725296088,758204706,763724597,765328066,764286684,763743360,765590847,765911657,712238916,712237558,712237585,715191758,715192028,760319827,763762262,695638272,729003845,60532895,152486141,11031&fields=7308,7309,7310,7311,31,7633,6457
<- 200 GET /v1/api/iserver/marketdata/snapshot?conids=653081429,653081500,672829101,672829170,681926954,681927105,674163806,653250687,653250400,763665580,763665630,653152108,758141216,716497189,703415595,703415862,712169275,712168761,765895478,765895679,653157694,692857360,692857481,728874969,724340545,758162101,763684349,731526272,731526352,754945951,728881746,758152265,763687845,763689106,763689160,728902115,758170739,763732402,763732470,756975736,688043351,725296088,758204706,763724597,765328066,764286684,763743360,765590847,765911657,712238916,712237558,712237585,715191758,715192028,760319827,763762262,695638272,729003845,60532895,152486141,11031&fields=7308,7309,7310,7311,31,7633,6457
-> GET /v1/api/portfolio/U4264576/positions
<- 200 GET /v1/api/portfolio/U4264576/positions
-> GET /v1/api/iserver/marketdata/snapshot?conids=653081429,653081500,672829101,672829170,681926954,681927105,674163806,653250687,653250400,763665580,763665630,653152108,758141216,716497189,703415595,703415862,712169275,712168761,765895478,765895679,653157694,692857360,692857481,728874969,724340545,758162101,763684349,731526272,731526352,754945951,728881746,758152265,763687845,763689106,763689160,728902115,758170739,763732402,763732470,756975736,688043351,725296088,758204706,763724597,765328066,764286684,763743360,765590847,765911657,712238916,712237558,712237585,715191758,715192028,760319827,763762262,695638272,729003845,60532895,152486141,11031&fields=7308,7309,7310,7311,31,7633,6457
<- 200 GET /v1/api/iserver/marketdata/snapshot?conids=653081429,653081500,672829101,672829170,681926954,681927105,674163806,653250687,653250400,763665580,763665630,653152108,758141216,716497189,703415595,703415862,712169275,712168761,765895478,765895679,653157694,692857360,692857481,728874969,724340545,758162101,763684349,731526272,731526352,754945951,728881746,758152265,763687845,763689106,763689160,728902115,758170739,763732402,763732470,756975736,688043351,725296088,758204706,763724597,765328066,764286684,763743360,765590847,765911657,712238916,712237558,712237585,715191758,715192028,760319827,763762262,695638272,729003845,60532895,152486141,11031&fields=7308,7309,7310,7311,31,7633,6457
-> request: /v1/api/tickle
-> GET /v1/api/tickle,200|239ms
-> GET /v1/api/iserver/marketdata/snapshot?conids=4391,3691937,761335611,5684,44001820,51529211,208813719,209411798,152486141,83975037,75960201,4815747,11031,756733,365207014,nan&fields=55,31,7287,7655
<- 200 GET /v1/api/iserver/marketdata/snapshot?conids=4391,3691937,761335611,5684,44001820,51529211,208813719,209411798,152486141,83975037,75960201,4815747,11031,756733,365207014,nan&fields=55,31,7287,7655
-> GET /v1/api/portfolio/U4264576/positions
<- 200 GET /v1/api/portfolio/U4264576/positions
-> GET /v1/api/iserver/marketdata/snapshot?conids=653081429,653081500,672829101,672829170,681926954,681927105,674163806,653250687,653250400,763665580,763665630,653152108,758141216,716497189,703415595,703415862,712169275,712168761,765895478,765895679,653157694,692857360,692857481,728874969,724340545,758162101,763684349,731526272,731526352,754945951,728881746,758152265,763687845,763689106,763689160,728902115,758170739,763732402,763732470,756975736,688043351,725296088,758204706,763724597,765328066,764286684,763743360,765590847,765911657,712238916,712237558,712237585,715191758,715192028,760319827,763762262,695638272,729003845,60532895,152486141,11031&fields=7308,7309,7310,7311,31,7633,6457
<- 200 GET /v1/api/iserver/marketdata/snapshot?conids=653081429,653081500,672829101,672829170,681926954,681927105,674163806,653250687,653250400,763665580,763665630,653152108,758141216,716497189,703415595,703415862,712169275,712168761,765895478,765895679,653157694,692857360,692857481,728874969,724340545,758162101,763684349,731526272,731526352,754945951,728881746,758152265,763687845,763689106,763689160,728902115,758170739,763732402,763732470,756975736,688043351,725296088,758204706,763724597,765328066,764286684,763743360,765590847,765911657,712238916,712237558,712237585,715191758,715192028,760319827,763762262,695638272,729003845,60532895,152486141,11031&fields=7308,7309,7310,7311,31,7633,6457
-> GET /v1/api/iserver/marketdata/snapshot?conids=4391,3691937,761335611,5684,44001820,51529211,208813719,209411798,152486141,83975037,75960201,4815747,11031,756733,365207014,nan&fields=55,31,7287,7655
<- 200 GET /v1/api/iserver/marketdata/snapshot?conids=4391,3691937,761335611,5684,44001820,51529211,208813719,209411798,152486141,83975037,75960201,4815747,11031,756733,365207014,nan&fields=55,31,7287,7655
-> request: /v1/api/tickle
-> GET /v1/api/tickle,200|202ms
-> GET /v1/api/portfolio/U4264576/positions
<- 200 GET /v1/api/portfolio/U4264576/positions
-> GET /v1/api/iserver/marketdata/snapshot?conids=653081429,653081500,672829101,672829170,681926954,681927105,674163806,653250687,653250400,763665580,763665630,653152108,758141216,716497189,703415595,703415862,712169275,712168761,765895478,765895679,653157694,692857360,692857481,728874969,724340545,758162101,763684349,731526272,731526352,754945951,728881746,758152265,763687845,763689106,763689160,728902115,758170739,763732402,763732470,756975736,688043351,725296088,758204706,763724597,765328066,764286684,763743360,765590847,765911657,712238916,712237558,712237585,715191758,715192028,760319827,763762262,695638272,729003845,60532895,152486141,11031&fields=7308,7309,7310,7311,31,7633,6457
<- 200 GET /v1/api/iserver/marketdata/snapshot?conids=653081429,653081500,672829101,672829170,681926954,681927105,674163806,653250687,653250400,763665580,763665630,653152108,758141216,716497189,703415595,703415862,712169275,712168761,765895478,765895679,653157694,692857360,692857481,728874969,724340545,758162101,763684349,731526272,731526352,754945951,728881746,758152265,763687845,763689106,763689160,728902115,758170739,763732402,763732470,756975736,688043351,725296088,758204706,763724597,765328066,764286684,763743360,765590847,765911657,712238916,712237558,712237585,715191758,715192028,760319827,763762262,695638272,729003845,60532895,152486141,11031&fields=7308,7309,7310,7311,31,7633,6457
-> GET /v1/api/iserver/marketdata/snapshot?conids=4391,3691937,761335611,5684,44001820,51529211,208813719,209411798,152486141,83975037,75960201,4815747,11031,756733,365207014,nan&fields=55,31,7287,7655
<- 200 GET /v1/api/iserver/marketdata/snapshot?conids=4391,3691937,761335611,5684,44001820,51529211,208813719,209411798,152486141,83975037,75960201,4815747,11031,756733,365207014,nan&fields=55,31,7287,7655
-> GET /v1/api/portfolio/U4264576/positions
<- 200 GET /v1/api/portfolio/U4264576/positions
-> request: /v1/api/tickle
-> GET /v1/api/tickle,200|289ms
-> GET /v1/api/iserver/marketdata/snapshot?conids=653081429,653081500,672829101,672829170,681926954,681927105,674163806,653250687,653250400,763665580,763665630,653152108,758141216,716497189,703415595,703415862,712169275,712168761,765895478,765895679,653157694,692857360,692857481,728874969,724340545,758162101,763684349,731526272,731526352,754945951,728881746,758152265,763687845,763689106,763689160,728902115,758170739,763732402,763732470,756975736,688043351,725296088,758204706,763724597,765328066,764286684,763743360,765590847,765911657,712238916,712237558,712237585,715191758,715192028,760319827,763762262,695638272,729003845,60532895,152486141,11031&fields=7308,7309,7310,7311,31,7633,6457
<- 200 GET /v1/api/iserver/marketdata/snapshot?conids=653081429,653081500,672829101,672829170,681926954,681927105,674163806,653250687,653250400,763665580,763665630,653152108,758141216,716497189,703415595,703415862,712169275,712168761,765895478,765895679,653157694,692857360,692857481,728874969,724340545,758162101,763684349,731526272,731526352,754945951,728881746,758152265,763687845,763689106,763689160,728902115,758170739,763732402,763732470,756975736,688043351,725296088,758204706,763724597,765328066,764286684,763743360,765590847,765911657,712238916,712237558,712237585,715191758,715192028,760319827,763762262,695638272,729003845,60532895,152486141,11031&fields=7308,7309,7310,7311,31,7633,6457
-> GET /v1/api/iserver/marketdata/snapshot?conids=4391,3691937,761335611,5684,44001820,51529211,208813719,209411798,152486141,83975037,75960201,4815747,11031,756733,365207014,nan&fields=55,31,7287,7655
<- 200 GET /v1/api/iserver/marketdata/snapshot?conids=4391,3691937,761335611,5684,44001820,51529211,208813719,209411798,152486141,83975037,75960201,4815747,11031,756733,365207014,nan&fields=55,31,7287,7655
-> GET /v1/api/portfolio/U4264576/positions
<- 200 GET /v1/api/portfolio/U4264576/positions
-> request: /v1/api/tickle
-> GET /v1/api/iserver/marketdata/snapshot?conids=653081429,653081500,672829101,672829170,681926954,681927105,674163806,653250687,653250400,763665580,763665630,653152108,758141216,716497189,703415595,703415862,712169275,712168761,765895478,765895679,653157694,692857360,692857481,728874969,724340545,758162101,763684349,731526272,731526352,754945951,728881746,758152265,763687845,763689106,763689160,728902115,758170739,763732402,763732470,756975736,688043351,725296088,758204706,763724597,765328066,764286684,763743360,765590847,765911657,712238916,712237558,712237585,715191758,715192028,760319827,763762262,695638272,729003845,60532895,152486141,11031&fields=7308,7309,7310,7311,31,7633,6457
-> GET /v1/api/tickle,200|243ms
<- 200 GET /v1/api/iserver/marketdata/snapshot?conids=653081429,653081500,672829101,672829170,681926954,681927105,674163806,653250687,653250400,763665580,763665630,653152108,758141216,716497189,703415595,703415862,712169275,712168761,765895478,765895679,653157694,692857360,692857481,728874969,724340545,758162101,763684349,731526272,731526352,754945951,728881746,758152265,763687845,763689106,763689160,728902115,758170739,763732402,763732470,756975736,688043351,725296088,758204706,763724597,765328066,764286684,763743360,765590847,765911657,712238916,712237558,712237585,715191758,715192028,760319827,763762262,695638272,729003845,60532895,152486141,11031&fields=7308,7309,7310,7311,31,7633,6457
-> GET /v1/api/iserver/marketdata/snapshot?conids=4391,3691937,761335611,5684,44001820,51529211,208813719,209411798,152486141,83975037,75960201,4815747,11031,756733,365207014,nan&fields=55,31,7287,7655
<- 200 GET /v1/api/iserver/marketdata/snapshot?conids=4391,3691937,761335611,5684,44001820,51529211,208813719,209411798,152486141,83975037,75960201,4815747,11031,756733,365207014,nan&fields=55,31,7287,7655
-> request: /v1/api/tickle
-> GET /v1/api/tickle,200|231ms
-> request: /v1/api/tickle
-> GET /v1/api/tickle,200|214ms
-> request: /sso/ping
-> GET /sso/ping,200|316ms
-> request: /v1/api/tickle
-> GET /v1/api/tickle,200|193ms
-> request: /v1/api/tickle
-> GET /v1/api/tickle,200|287ms
-> request: /v1/api/tickle
-> GET /v1/api/tickle,200|194ms
-> GET /v1/api/portfolio/U4264576/positions
<- 200 GET /v1/api/portfolio/U4264576/positions
-> GET /v1/api/iserver/marketdata/snapshot?conids=653081429,653081500,672829101,672829170,681926954,681927105,674163806,653250687,653250400,763665580,763665630,653152108,758141216,716497189,703415595,703415862,712169275,712168761,765895478,765895679,653157694,692857360,692857481,728874969,724340545,758162101,763684349,731526272,731526352,754945951,728881746,758152265,763687845,763689106,763689160,728902115,758170739,763732402,763732470,756975736,688043351,725296088,758204706,763724597,765328066,764286684,763743360,765590847,765911657,712238916,712237558,712237585,715191758,715192028,760319827,763762262,695638272,729003845,60532895,152486141,11031&fields=7308,7309,7310,7311,31,7633,6457
<- 200 GET /v1/api/iserver/marketdata/snapshot?conids=653081429,653081500,672829101,672829170,681926954,681927105,674163806,653250687,653250400,763665580,763665630,653152108,758141216,716497189,703415595,703415862,712169275,712168761,765895478,765895679,653157694,692857360,692857481,728874969,724340545,758162101,763684349,731526272,731526352,754945951,728881746,758152265,763687845,763689106,763689160,728902115,758170739,763732402,763732470,756975736,688043351,725296088,758204706,763724597,765328066,764286684,763743360,765590847,765911657,712238916,712237558,712237585,715191758,715192028,760319827,763762262,695638272,729003845,60532895,152486141,11031&fields=7308,7309,7310,7311,31,7633,6457
-> GET /v1/api/iserver/marketdata/snapshot?conids=4391,3691937,761335611,5684,44001820,51529211,208813719,209411798,152486141,83975037,75960201,4815747,11031,756733,365207014,nan&fields=55,31,7287,7655
<- 200 GET /v1/api/iserver/marketdata/snapshot?conids=4391,3691937,761335611,5684,44001820,51529211,208813719,209411798,152486141,83975037,75960201,4815747,11031,756733,365207014,nan&fields=55,31,7287,7655
-> request: /v1/api/tickle
-> GET /v1/api/tickle,200|236ms
-> request: /v1/api/tickle
-> GET /v1/api/tickle,200|280ms
-> request: /v1/api/tickle
-> GET /v1/api/tickle,200|273ms
-> request: /v1/api/tickle
-> GET /v1/api/tickle,200|216ms
-> GET /v1/api/portfolio/U4264576/positions
<- 200 GET /v1/api/portfolio/U4264576/positions
-> GET /v1/api/iserver/marketdata/snapshot?conids=653081429,653081500,672829101,672829170,681926954,681927105,674163806,653250687,653250400,763665580,763665630,653152108,758141216,716497189,703415595,703415862,712169275,712168761,765895478,765895679,653157694,692857360,692857481,728874969,724340545,758162101,763684349,731526272,731526352,754945951,728881746,758152265,763687845,763689106,763689160,728902115,758170739,763732402,763732470,756975736,688043351,725296088,758204706,763724597,765328066,764286684,763743360,765590847,765911657,712238916,712237558,712237585,715191758,715192028,760319827,763762262,695638272,729003845,60532895,152486141,11031&fields=7308,7309,7310,7311,31,7633,6457
<- 200 GET /v1/api/iserver/marketdata/snapshot?conids=653081429,653081500,672829101,672829170,681926954,681927105,674163806,653250687,653250400,763665580,763665630,653152108,758141216,716497189,703415595,703415862,712169275,712168761,765895478,765895679,653157694,692857360,692857481,728874969,724340545,758162101,763684349,731526272,731526352,754945951,728881746,758152265,763687845,763689106,763689160,728902115,758170739,763732402,763732470,756975736,688043351,725296088,758204706,763724597,765328066,764286684,763743360,765590847,765911657,712238916,712237558,712237585,715191758,715192028,760319827,763762262,695638272,729003845,60532895,152486141,11031&fields=7308,7309,7310,7311,31,7633,6457
-> GET /v1/api/iserver/marketdata/snapshot?conids=4391,3691937,761335611,5684,44001820,51529211,208813719,209411798,152486141,83975037,75960201,4815747,11031,756733,365207014,nan&fields=55,31,7287,7655
<- 200 GET /v1/api/iserver/marketdata/snapshot?conids=4391,3691937,761335611,5684,44001820,51529211,208813719,209411798,152486141,83975037,75960201,4815747,11031,756733,365207014,nan&fields=55,31,7287,7655
-> request: /v1/api/tickle
-> GET /v1/api/tickle,200|214ms
-> request: /v1/api/tickle
-> GET /v1/api/tickle,200|230ms
-> request: /v1/api/tickle
-> GET /v1/api/tickle,200|250ms
-> request: /sso/ping
-> GET /sso/ping,200|227ms
-> request: /v1/api/tickle
-> GET /v1/api/tickle,200|284ms
-> request: /v1/api/sso/validate?gw=1
-> request: /v1/api/sso/validate?gw=1
-> GET /v1/api/sso/validate?gw=1,200|364ms
-> request: /v1/api/one/user
-> request: /v1/api/ssodh/init
-> sso GET https://api.ibkr.com/v1/api/ssodh/init
-> GET /v1/api/sso/validate?gw=1,200|388ms
-> request: /v1/api/one/user
-> request: /v1/api/ssodh/init
-> sso GET https://api.ibkr.com/v1/api/ssodh/init
-> GET /v1/api/one/user,200|213ms
-> GET /v1/api/one/user,200|213ms
-> GET /v1/api/portfolio/U4264576/positions
<- 200 GET /v1/api/portfolio/U4264576/positions
-> GET /v1/api/iserver/marketdata/snapshot?conids=653081429,653081500,672829101,672829170,681926954,681927105,674163806,653250687,653250400,763665580,763665630,653152108,758141216,716497189,703415595,703415862,712169275,712168761,765895478,765895679,653157694,692857360,692857481,728874969,724340545,758162101,763684349,731526272,731526352,754945951,728881746,758152265,763687845,763689106,763689160,728902115,758170739,763732402,763732470,756975736,688043351,725296088,758204706,763724597,765328066,764286684,763743360,765590847,765911657,712238916,712237558,712237585,715191758,715192028,760319827,763762262,695638272,729003845,60532895,152486141,11031&fields=7308,7309,7310,7311,31,7633,6457
<- 200 GET /v1/api/iserver/marketdata/snapshot?conids=653081429,653081500,672829101,672829170,681926954,681927105,674163806,653250687,653250400,763665580,763665630,653152108,758141216,716497189,703415595,703415862,712169275,712168761,765895478,765895679,653157694,692857360,692857481,728874969,724340545,758162101,763684349,731526272,731526352,754945951,728881746,758152265,763687845,763689106,763689160,728902115,758170739,763732402,763732470,756975736,688043351,725296088,758204706,763724597,765328066,764286684,763743360,765590847,765911657,712238916,712237558,712237585,715191758,715192028,760319827,763762262,695638272,729003845,60532895,152486141,11031&fields=7308,7309,7310,7311,31,7633,6457
-> GET /v1/api/iserver/marketdata/snapshot?conids=4391,3691937,761335611,5684,44001820,51529211,208813719,209411798,152486141,83975037,75960201,4815747,11031,756733,365207014,nan&fields=55,31,7287,7655
<- 200 GET /v1/api/iserver/marketdata/snapshot?conids=4391,3691937,761335611,5684,44001820,51529211,208813719,209411798,152486141,83975037,75960201,4815747,11031,756733,365207014,nan&fields=55,31,7287,7655
-> GET /v1/api/portfolio/U4264576/positions
<- 200 GET /v1/api/portfolio/U4264576/positions
-> GET /v1/api/iserver/marketdata/snapshot?conids=653081429,653081500,672829101,672829170,681926954,681927105,674163806,653250687,653250400,763665580,763665630,653152108,758141216,716497189,703415595,703415862,712169275,712168761,765895478,765895679,653157694,692857360,692857481,728874969,724340545,758162101,763684349,731526272,731526352,754945951,728881746,758152265,763687845,763689106,763689160,728902115,758170739,763732402,763732470,756975736,688043351,725296088,758204706,763724597,765328066,764286684,763743360,765590847,765911657,712238916,712237558,712237585,715191758,715192028,760319827,763762262,695638272,729003845,60532895,152486141,11031&fields=7308,7309,7310,7311,31,7633,6457
<- 200 GET /v1/api/iserver/marketdata/snapshot?conids=653081429,653081500,672829101,672829170,681926954,681927105,674163806,653250687,653250400,763665580,763665630,653152108,758141216,716497189,703415595,703415862,712169275,712168761,765895478,765895679,653157694,692857360,692857481,728874969,724340545,758162101,763684349,731526272,731526352,754945951,728881746,758152265,763687845,763689106,763689160,728902115,758170739,763732402,763732470,756975736,688043351,725296088,758204706,763724597,765328066,764286684,763743360,765590847,765911657,712238916,712237558,712237585,715191758,715192028,760319827,763762262,695638272,729003845,60532895,152486141,11031&fields=7308,7309,7310,7311,31,7633,6457
-> GET /v1/api/iserver/marketdata/snapshot?conids=4391,3691937,761335611,5684,44001820,51529211,208813719,209411798,152486141,83975037,75960201,4815747,11031,756733,365207014,nan&fields=55,31,7287,7655
<- 200 GET /v1/api/iserver/marketdata/snapshot?conids=4391,3691937,761335611,5684,44001820,51529211,208813719,209411798,152486141,83975037,75960201,4815747,11031,756733,365207014,nan&fields=55,31,7287,7655
-> GET /v1/api/portfolio/U4264576/positions
<- 200 GET /v1/api/portfolio/U4264576/positions
-> GET /v1/api/iserver/marketdata/snapshot?conids=653081429,653081500,672829101,672829170,681926954,681927105,674163806,653250687,653250400,763665580,763665630,653152108,758141216,716497189,703415595,703415862,712169275,712168761,765895478,765895679,653157694,692857360,692857481,728874969,724340545,758162101,763684349,731526272,731526352,754945951,728881746,758152265,763687845,763689106,763689160,728902115,758170739,763732402,763732470,756975736,688043351,725296088,758204706,763724597,765328066,764286684,763743360,765590847,765911657,712238916,712237558,712237585,715191758,715192028,760319827,763762262,695638272,729003845,60532895,152486141,11031&fields=7308,7309,7310,7311,31,7633,6457
<- 200 GET /v1/api/iserver/marketdata/snapshot?conids=653081429,653081500,672829101,672829170,681926954,681927105,674163806,653250687,653250400,763665580,763665630,653152108,758141216,716497189,703415595,703415862,712169275,712168761,765895478,765895679,653157694,692857360,692857481,728874969,724340545,758162101,763684349,731526272,731526352,754945951,728881746,758152265,763687845,763689106,763689160,728902115,758170739,763732402,763732470,756975736,688043351,725296088,758204706,763724597,765328066,764286684,763743360,765590847,765911657,712238916,712237558,712237585,715191758,715192028,760319827,763762262,695638272,729003845,60532895,152486141,11031&fields=7308,7309,7310,7311,31,7633,6457
-> GET /v1/api/iserver/marketdata/snapshot?conids=4391,3691937,761335611,5684,44001820,51529211,208813719,209411798,152486141,83975037,75960201,4815747,11031,756733,365207014,nan&fields=55,31,7287,7655
<- 200 GET /v1/api/iserver/marketdata/snapshot?conids=4391,3691937,761335611,5684,44001820,51529211,208813719,209411798,152486141,83975037,75960201,4815747,11031,756733,365207014,nan&fields=55,31,7287,7655
-> GET /v1/api/portfolio/U4264576/positions
<- 200 GET /v1/api/portfolio/U4264576/positions
-> GET /v1/api/iserver/marketdata/snapshot?conids=653081429,653081500,672829101,672829170,681926954,681927105,674163806,653250687,653250400,763665580,763665630,653152108,758141216,716497189,703415595,703415862,712169275,712168761,765895478,765895679,653157694,692857360,692857481,728874969,724340545,758162101,763684349,731526272,731526352,754945951,728881746,758152265,763687845,763689106,763689160,728902115,758170739,763732402,763732470,756975736,688043351,725296088,758204706,763724597,765328066,764286684,763743360,765590847,765911657,712238916,712237558,712237585,715191758,715192028,760319827,763762262,695638272,729003845,60532895,152486141,11031&fields=7308,7309,7310,7311,31,7633,6457
<- 200 GET /v1/api/iserver/marketdata/snapshot?conids=653081429,653081500,672829101,672829170,681926954,681927105,674163806,653250687,653250400,763665580,763665630,653152108,758141216,716497189,703415595,703415862,712169275,712168761,765895478,765895679,653157694,692857360,692857481,728874969,724340545,758162101,763684349,731526272,731526352,754945951,728881746,758152265,763687845,763689106,763689160,728902115,758170739,763732402,763732470,756975736,688043351,725296088,758204706,763724597,765328066,764286684,763743360,765590847,765911657,712238916,712237558,712237585,715191758,715192028,760319827,763762262,695638272,729003845,60532895,152486141,11031&fields=7308,7309,7310,7311,31,7633,6457
-> GET /v1/api/iserver/marketdata/snapshot?conids=4391,3691937,761335611,5684,44001820,51529211,208813719,209411798,152486141,83975037,75960201,4815747,11031,756733,365207014,nan&fields=55,31,7287,7655
<- 200 GET /v1/api/iserver/marketdata/snapshot?conids=4391,3691937,761335611,5684,44001820,51529211,208813719,209411798,152486141,83975037,75960201,4815747,11031,756733,365207014,nan&fields=55,31,7287,7655
-> GET /v1/api/portfolio/U4264576/positions
<- 200 GET /v1/api/portfolio/U4264576/positions
-> GET /v1/api/iserver/marketdata/snapshot?conids=653081429,653081500,672829101,672829170,681926954,681927105,674163806,653250687,653250400,763665580,763665630,653152108,758141216,716497189,703415595,703415862,712169275,712168761,765895478,765895679,653157694,692857360,692857481,728874969,724340545,758162101,763684349,731526272,731526352,754945951,728881746,758152265,763687845,763689106,763689160,728902115,758170739,763732402,763732470,756975736,688043351,725296088,758204706,763724597,765328066,764286684,763743360,765590847,765911657,712238916,712237558,712237585,715191758,715192028,760319827,763762262,695638272,729003845,60532895,152486141,11031&fields=7308,7309,7310,7311,31,7633,6457
<- 200 GET /v1/api/iserver/marketdata/snapshot?conids=653081429,653081500,672829101,672829170,681926954,681927105,674163806,653250687,653250400,763665580,763665630,653152108,758141216,716497189,703415595,703415862,712169275,712168761,765895478,765895679,653157694,692857360,692857481,728874969,724340545,758162101,763684349,731526272,731526352,754945951,728881746,758152265,763687845,763689106,763689160,728902115,758170739,763732402,763732470,756975736,688043351,725296088,758204706,763724597,765328066,764286684,763743360,765590847,765911657,712238916,712237558,712237585,715191758,715192028,760319827,763762262,695638272,729003845,60532895,152486141,11031&fields=7308,7309,7310,7311,31,7633,6457
-> GET /v1/api/iserver/marketdata/snapshot?conids=4391,3691937,761335611,5684,44001820,51529211,208813719,209411798,152486141,83975037,75960201,4815747,11031,756733,365207014,nan&fields=55,31,7287,7655
<- 200 GET /v1/api/iserver/marketdata/snapshot?conids=4391,3691937,761335611,5684,44001820,51529211,208813719,209411798,152486141,83975037,75960201,4815747,11031,756733,365207014,nan&fields=55,31,7287,7655
-> GET /v1/api/portfolio/U4264576/positions
<- 200 GET /v1/api/portfolio/U4264576/positions
-> GET /v1/api/iserver/marketdata/snapshot?conids=653081429,653081500,672829101,672829170,681926954,681927105,674163806,653250687,653250400,763665580,763665630,653152108,758141216,716497189,703415595,703415862,712169275,712168761,765895478,765895679,653157694,692857360,692857481,728874969,724340545,758162101,763684349,731526272,731526352,754945951,728881746,758152265,763687845,763689106,763689160,728902115,758170739,763732402,763732470,756975736,688043351,725296088,758204706,763724597,765328066,764286684,763743360,765590847,765911657,712238916,712237558,712237585,715191758,715192028,760319827,763762262,695638272,729003845,60532895,152486141,11031&fields=7308,7309,7310,7311,31,7633,6457
<- 200 GET /v1/api/iserver/marketdata/snapshot?conids=653081429,653081500,672829101,672829170,681926954,681927105,674163806,653250687,653250400,763665580,763665630,653152108,758141216,716497189,703415595,703415862,712169275,712168761,765895478,765895679,653157694,692857360,692857481,728874969,724340545,758162101,763684349,731526272,731526352,754945951,728881746,758152265,763687845,763689106,763689160,728902115,758170739,763732402,763732470,756975736,688043351,725296088,758204706,763724597,765328066,764286684,763743360,765590847,765911657,712238916,712237558,712237585,715191758,715192028,760319827,763762262,695638272,729003845,60532895,152486141,11031&fields=7308,7309,7310,7311,31,7633,6457
-> GET /v1/api/iserver/marketdata/snapshot?conids=4391,3691937,761335611,5684,44001820,51529211,208813719,209411798,152486141,83975037,75960201,4815747,11031,756733,365207014,nan&fields=55,31,7287,7655
<- 200 GET /v1/api/iserver/marketdata/snapshot?conids=4391,3691937,761335611,5684,44001820,51529211,208813719,209411798,152486141,83975037,75960201,4815747,11031,756733,365207014,nan&fields=55,31,7287,7655
-> GET /v1/api/portfolio/U4264576/positions
<- 200 GET /v1/api/portfolio/U4264576/positions
-> GET /v1/api/iserver/marketdata/snapshot?conids=653081429,653081500,672829101,672829170,681926954,681927105,674163806,653250687,653250400,763665580,763665630,653152108,758141216,716497189,703415595,703415862,712169275,712168761,765895478,765895679,653157694,692857360,692857481,728874969,724340545,758162101,763684349,731526272,731526352,754945951,728881746,758152265,763687845,763689106,763689160,728902115,758170739,763732402,763732470,756975736,688043351,725296088,758204706,763724597,765328066,764286684,763743360,765590847,765911657,712238916,712237558,712237585,715191758,715192028,760319827,763762262,695638272,729003845,60532895,152486141,11031&fields=7308,7309,7310,7311,31,7633,6457
<- 200 GET /v1/api/iserver/marketdata/snapshot?conids=653081429,653081500,672829101,672829170,681926954,681927105,674163806,653250687,653250400,763665580,763665630,653152108,758141216,716497189,703415595,703415862,712169275,712168761,765895478,765895679,653157694,692857360,692857481,728874969,724340545,758162101,763684349,731526272,731526352,754945951,728881746,758152265,763687845,763689106,763689160,728902115,758170739,763732402,763732470,756975736,688043351,725296088,758204706,763724597,765328066,764286684,763743360,765590847,765911657,712238916,712237558,712237585,715191758,715192028,760319827,763762262,695638272,729003845,60532895,152486141,11031&fields=7308,7309,7310,7311,31,7633,6457
-> GET /v1/api/iserver/marketdata/snapshot?conids=4391,3691937,761335611,5684,44001820,51529211,208813719,209411798,152486141,83975037,75960201,4815747,11031,756733,365207014,nan&fields=55,31,7287,7655
<- 200 GET /v1/api/iserver/marketdata/snapshot?conids=4391,3691937,761335611,5684,44001820,51529211,208813719,209411798,152486141,83975037,75960201,4815747,11031,756733,365207014,nan&fields=55,31,7287,7655
-> request: /sso/ping
-> GET /sso/ping,200|400ms
-> GET /v1/api/portfolio/U4264576/positions
<- 200 GET /v1/api/portfolio/U4264576/positions
-> GET /v1/api/iserver/marketdata/snapshot?conids=653081429,653081500,672829101,672829170,681926954,681927105,674163806,653250687,653250400,763665580,763665630,653152108,758141216,716497189,703415595,703415862,712169275,712168761,765895478,765895679,653157694,692857360,692857481,728874969,724340545,758162101,763684349,731526272,731526352,754945951,728881746,758152265,763687845,763689106,763689160,728902115,758170739,763732402,763732470,756975736,688043351,725296088,758204706,763724597,765328066,764286684,763743360,765590847,765911657,712238916,712237558,712237585,715191758,715192028,760319827,763762262,695638272,729003845,60532895,152486141,11031&fields=7308,7309,7310,7311,31,7633,6457
<- 200 GET /v1/api/iserver/marketdata/snapshot?conids=653081429,653081500,672829101,672829170,681926954,681927105,674163806,653250687,653250400,763665580,763665630,653152108,758141216,716497189,703415595,703415862,712169275,712168761,765895478,765895679,653157694,692857360,692857481,728874969,724340545,758162101,763684349,731526272,731526352,754945951,728881746,758152265,763687845,763689106,763689160,728902115,758170739,763732402,763732470,756975736,688043351,725296088,758204706,763724597,765328066,764286684,763743360,765590847,765911657,712238916,712237558,712237585,715191758,715192028,760319827,763762262,695638272,729003845,60532895,152486141,11031&fields=7308,7309,7310,7311,31,7633,6457
-> GET /v1/api/iserver/marketdata/snapshot?conids=4391,3691937,761335611,5684,44001820,51529211,208813719,209411798,152486141,83975037,75960201,4815747,11031,756733,365207014,nan&fields=55,31,7287,7655
<- 200 GET /v1/api/iserver/marketdata/snapshot?conids=4391,3691937,761335611,5684,44001820,51529211,208813719,209411798,152486141,83975037,75960201,4815747,11031,756733,365207014,nan&fields=55,31,7287,7655
-> GET /v1/api/portfolio/U4264576/positions
<- 200 GET /v1/api/portfolio/U4264576/positions
-> GET /v1/api/iserver/marketdata/snapshot?conids=653081429,653081500,672829101,672829170,681926954,681927105,674163806,653250687,653250400,763665580,763665630,653152108,758141216,716497189,703415595,703415862,712169275,712168761,765895478,765895679,653157694,692857360,692857481,728874969,724340545,758162101,763684349,731526272,731526352,754945951,728881746,758152265,763687845,763689106,763689160,728902115,758170739,763732402,763732470,756975736,688043351,725296088,758204706,763724597,765328066,764286684,763743360,765590847,765911657,712238916,712237558,712237585,715191758,715192028,760319827,763762262,695638272,729003845,60532895,152486141,11031&fields=7308,7309,7310,7311,31,7633,6457
<- 200 GET /v1/api/iserver/marketdata/snapshot?conids=653081429,653081500,672829101,672829170,681926954,681927105,674163806,653250687,653250400,763665580,763665630,653152108,758141216,716497189,703415595,703415862,712169275,712168761,765895478,765895679,653157694,692857360,692857481,728874969,724340545,758162101,763684349,731526272,731526352,754945951,728881746,758152265,763687845,763689106,763689160,728902115,758170739,763732402,763732470,756975736,688043351,725296088,758204706,763724597,765328066,764286684,763743360,765590847,765911657,712238916,712237558,712237585,715191758,715192028,760319827,763762262,695638272,729003845,60532895,152486141,11031&fields=7308,7309,7310,7311,31,7633,6457
-> GET /v1/api/iserver/marketdata/snapshot?conids=4391,3691937,761335611,5684,44001820,51529211,208813719,209411798,152486141,83975037,75960201,4815747,11031,756733,365207014,nan&fields=55,31,7287,7655
<- 200 GET /v1/api/iserver/marketdata/snapshot?conids=4391,3691937,761335611,5684,44001820,51529211,208813719,209411798,152486141,83975037,75960201,4815747,11031,756733,365207014,nan&fields=55,31,7287,7655
-> GET /v1/api/portfolio/U4264576/positions
<- 200 GET /v1/api/portfolio/U4264576/positions
-> GET /v1/api/iserver/marketdata/snapshot?conids=653081429,653081500,672829101,672829170,681926954,681927105,674163806,653250687,653250400,763665580,763665630,653152108,758141216,716497189,703415595,703415862,712169275,712168761,765895478,765895679,653157694,692857360,692857481,728874969,724340545,758162101,763684349,731526272,731526352,754945951,728881746,758152265,763687845,763689106,763689160,728902115,758170739,763732402,763732470,756975736,688043351,725296088,758204706,763724597,765328066,764286684,763743360,765590847,765911657,712238916,712237558,712237585,715191758,715192028,760319827,763762262,695638272,729003845,60532895,152486141,11031&fields=7308,7309,7310,7311,31,7633,6457
<- 200 GET /v1/api/iserver/marketdata/snapshot?conids=653081429,653081500,672829101,672829170,681926954,681927105,674163806,653250687,653250400,763665580,763665630,653152108,758141216,716497189,703415595,703415862,712169275,712168761,765895478,765895679,653157694,692857360,692857481,728874969,724340545,758162101,763684349,731526272,731526352,754945951,728881746,758152265,763687845,763689106,763689160,728902115,758170739,763732402,763732470,756975736,688043351,725296088,758204706,763724597,765328066,764286684,763743360,765590847,765911657,712238916,712237558,712237585,715191758,715192028,760319827,763762262,695638272,729003845,60532895,152486141,11031&fields=7308,7309,7310,7311,31,7633,6457
-> GET /v1/api/iserver/marketdata/snapshot?conids=4391,3691937,761335611,5684,44001820,51529211,208813719,209411798,152486141,83975037,75960201,4815747,11031,756733,365207014,nan&fields=55,31,7287,7655
<- 200 GET /v1/api/iserver/marketdata/snapshot?conids=4391,3691937,761335611,5684,44001820,51529211,208813719,209411798,152486141,83975037,75960201,4815747,11031,756733,365207014,nan&fields=55,31,7287,7655
-> GET /v1/api/portfolio/U4264576/positions
<- 200 GET /v1/api/portfolio/U4264576/positions
-> GET /v1/api/iserver/marketdata/snapshot?conids=653081429,653081500,672829101,672829170,681926954,681927105,674163806,653250687,653250400,763665580,763665630,653152108,758141216,716497189,703415595,703415862,712169275,712168761,765895478,765895679,653157694,692857360,692857481,728874969,724340545,758162101,763684349,731526272,731526352,754945951,728881746,758152265,763687845,763689106,763689160,728902115,758170739,763732402,763732470,756975736,688043351,725296088,758204706,763724597,765328066,764286684,763743360,765590847,765911657,712238916,712237558,712237585,715191758,715192028,760319827,763762262,695638272,729003845,60532895,152486141,11031&fields=7308,7309,7310,7311,31,7633,6457
<- 200 GET /v1/api/iserver/marketdata/snapshot?conids=653081429,653081500,672829101,672829170,681926954,681927105,674163806,653250687,653250400,763665580,763665630,653152108,758141216,716497189,703415595,703415862,712169275,712168761,765895478,765895679,653157694,692857360,692857481,728874969,724340545,758162101,763684349,731526272,731526352,754945951,728881746,758152265,763687845,763689106,763689160,728902115,758170739,763732402,763732470,756975736,688043351,725296088,758204706,763724597,765328066,764286684,763743360,765590847,765911657,712238916,712237558,712237585,715191758,715192028,760319827,763762262,695638272,729003845,60532895,152486141,11031&fields=7308,7309,7310,7311,31,7633,6457
-> GET /v1/api/iserver/marketdata/snapshot?conids=4391,3691937,761335611,5684,44001820,51529211,208813719,209411798,152486141,83975037,75960201,4815747,11031,756733,365207014,nan&fields=55,31,7287,7655
<- 200 GET /v1/api/iserver/marketdata/snapshot?conids=4391,3691937,761335611,5684,44001820,51529211,208813719,209411798,152486141,83975037,75960201,4815747,11031,756733,365207014,nan&fields=55,31,7287,7655
-> request: /sso/ping
-> GET /sso/ping,200|197ms
-> GET /v1/api/portfolio/U4264576/positions
<- 200 GET /v1/api/portfolio/U4264576/positions
-> GET /v1/api/iserver/marketdata/snapshot?conids=653081429,653081500,672829101,672829170,681926954,681927105,674163806,653250687,653250400,763665580,763665630,653152108,758141216,716497189,703415595,703415862,712169275,712168761,765895478,765895679,653157694,692857360,692857481,728874969,724340545,758162101,763684349,731526272,731526352,754945951,728881746,758152265,763687845,763689106,763689160,728902115,758170739,763732402,763732470,756975736,688043351,725296088,758204706,763724597,765328066,764286684,763743360,765590847,765911657,712238916,712237558,712237585,715191758,715192028,760319827,763762262,695638272,729003845,60532895,152486141,11031&fields=7308,7309,7310,7311,31,7633,6457
<- 200 GET /v1/api/iserver/marketdata/snapshot?conids=653081429,653081500,672829101,672829170,681926954,681927105,674163806,653250687,653250400,763665580,763665630,653152108,758141216,716497189,703415595,703415862,712169275,712168761,765895478,765895679,653157694,692857360,692857481,728874969,724340545,758162101,763684349,731526272,731526352,754945951,728881746,758152265,763687845,763689106,763689160,728902115,758170739,763732402,763732470,756975736,688043351,725296088,758204706,763724597,765328066,764286684,763743360,765590847,765911657,712238916,712237558,712237585,715191758,715192028,760319827,763762262,695638272,729003845,60532895,152486141,11031&fields=7308,7309,7310,7311,31,7633,6457
-> GET /v1/api/iserver/marketdata/snapshot?conids=4391,3691937,761335611,5684,44001820,51529211,208813719,209411798,152486141,83975037,75960201,4815747,11031,756733,365207014,nan&fields=55,31,7287,7655
<- 200 GET /v1/api/iserver/marketdata/snapshot?conids=4391,3691937,761335611,5684,44001820,51529211,208813719,209411798,152486141,83975037,75960201,4815747,11031,756733,365207014,nan&fields=55,31,7287,7655
-> GET /v1/api/portfolio/U4264576/positions
<- 200 GET /v1/api/portfolio/U4264576/positions
-> GET /v1/api/iserver/marketdata/snapshot?conids=653081429,653081500,672829101,672829170,681926954,681927105,674163806,653250687,653250400,763665580,763665630,653152108,758141216,716497189,703415595,703415862,712169275,712168761,765895478,765895679,653157694,692857360,692857481,728874969,724340545,758162101,763684349,731526272,731526352,754945951,728881746,758152265,763687845,763689106,763689160,728902115,758170739,763732402,763732470,756975736,688043351,725296088,758204706,763724597,765328066,764286684,763743360,765590847,765911657,712238916,712237558,712237585,715191758,715192028,760319827,763762262,695638272,729003845,60532895,152486141,11031&fields=7308,7309,7310,7311,31,7633,6457
<- 200 GET /v1/api/iserver/marketdata/snapshot?conids=653081429,653081500,672829101,672829170,681926954,681927105,674163806,653250687,653250400,763665580,763665630,653152108,758141216,716497189,703415595,703415862,712169275,712168761,765895478,765895679,653157694,692857360,692857481,728874969,724340545,758162101,763684349,731526272,731526352,754945951,728881746,758152265,763687845,763689106,763689160,728902115,758170739,763732402,763732470,756975736,688043351,725296088,758204706,763724597,765328066,764286684,763743360,765590847,765911657,712238916,712237558,712237585,715191758,715192028,760319827,763762262,695638272,729003845,60532895,152486141,11031&fields=7308,7309,7310,7311,31,7633,6457
-> GET /v1/api/iserver/marketdata/snapshot?conids=4391,3691937,761335611,5684,44001820,51529211,208813719,209411798,152486141,83975037,75960201,4815747,11031,756733,365207014,nan&fields=55,31,7287,7655
<- 200 GET /v1/api/iserver/marketdata/snapshot?conids=4391,3691937,761335611,5684,44001820,51529211,208813719,209411798,152486141,83975037,75960201,4815747,11031,756733,365207014,nan&fields=55,31,7287,7655
-> GET /v1/api/portfolio/U4264576/positions
<- 200 GET /v1/api/portfolio/U4264576/positions
-> GET /v1/api/iserver/marketdata/snapshot?conids=653081429,653081500,672829101,672829170,681926954,681927105,674163806,653250687,653250400,763665580,763665630,653152108,758141216,716497189,703415595,703415862,712169275,712168761,765895478,765895679,653157694,692857360,692857481,728874969,724340545,758162101,763684349,731526272,731526352,754945951,728881746,758152265,763687845,763689106,763689160,728902115,758170739,763732402,763732470,756975736,688043351,725296088,758204706,763724597,765328066,764286684,763743360,765590847,765911657,712238916,712237558,712237585,715191758,715192028,760319827,763762262,695638272,729003845,60532895,152486141,11031&fields=7308,7309,7310,7311,31,7633,6457
<- 200 GET /v1/api/iserver/marketdata/snapshot?conids=653081429,653081500,672829101,672829170,681926954,681927105,674163806,653250687,653250400,763665580,763665630,653152108,758141216,716497189,703415595,703415862,712169275,712168761,765895478,765895679,653157694,692857360,692857481,728874969,724340545,758162101,763684349,731526272,731526352,754945951,728881746,758152265,763687845,763689106,763689160,728902115,758170739,763732402,763732470,756975736,688043351,725296088,758204706,763724597,765328066,764286684,763743360,765590847,765911657,712238916,712237558,712237585,715191758,715192028,760319827,763762262,695638272,729003845,60532895,152486141,11031&fields=7308,7309,7310,7311,31,7633,6457
-> GET /v1/api/iserver/marketdata/snapshot?conids=4391,3691937,761335611,5684,44001820,51529211,208813719,209411798,152486141,83975037,75960201,4815747,11031,756733,365207014,nan&fields=55,31,7287,7655
<- 200 GET /v1/api/iserver/marketdata/snapshot?conids=4391,3691937,761335611,5684,44001820,51529211,208813719,209411798,152486141,83975037,75960201,4815747,11031,756733,365207014,nan&fields=55,31,7287,7655
-> GET /v1/api/portfolio/U4264576/positions
<- 200 GET /v1/api/portfolio/U4264576/positions
-> GET /v1/api/iserver/marketdata/snapshot?conids=653081429,653081500,672829101,672829170,681926954,681927105,674163806,653250687,653250400,763665580,763665630,653152108,758141216,716497189,703415595,703415862,712169275,712168761,765895478,765895679,653157694,692857360,692857481,728874969,724340545,758162101,763684349,731526272,731526352,754945951,728881746,758152265,763687845,763689106,763689160,728902115,758170739,763732402,763732470,756975736,688043351,725296088,758204706,763724597,765328066,764286684,763743360,765590847,765911657,712238916,712237558,712237585,715191758,715192028,760319827,763762262,695638272,729003845,60532895,152486141,11031&fields=7308,7309,7310,7311,31,7633,6457
<- 200 GET /v1/api/iserver/marketdata/snapshot?conids=653081429,653081500,672829101,672829170,681926954,681927105,674163806,653250687,653250400,763665580,763665630,653152108,758141216,716497189,703415595,703415862,712169275,712168761,765895478,765895679,653157694,692857360,692857481,728874969,724340545,758162101,763684349,731526272,731526352,754945951,728881746,758152265,763687845,763689106,763689160,728902115,758170739,763732402,763732470,756975736,688043351,725296088,758204706,763724597,765328066,764286684,763743360,765590847,765911657,712238916,712237558,712237585,715191758,715192028,760319827,763762262,695638272,729003845,60532895,152486141,11031&fields=7308,7309,7310,7311,31,7633,6457
-> GET /v1/api/iserver/marketdata/snapshot?conids=4391,3691937,761335611,5684,44001820,51529211,208813719,209411798,152486141,83975037,75960201,4815747,11031,756733,365207014,nan&fields=55,31,7287,7655
<- 200 GET /v1/api/iserver/marketdata/snapshot?conids=4391,3691937,761335611,5684,44001820,51529211,208813719,209411798,152486141,83975037,75960201,4815747,11031,756733,365207014,nan&fields=55,31,7287,7655
-> GET /v1/api/portfolio/U4264576/positions
<- 200 GET /v1/api/portfolio/U4264576/positions
-> GET /v1/api/iserver/marketdata/snapshot?conids=653081429,653081500,672829101,672829170,681926954,681927105,674163806,653250687,653250400,763665580,763665630,653152108,758141216,716497189,703415595,703415862,712169275,712168761,765895478,765895679,653157694,692857360,692857481,728874969,724340545,758162101,763684349,731526272,731526352,754945951,728881746,758152265,763687845,763689106,763689160,728902115,758170739,763732402,763732470,756975736,688043351,725296088,758204706,763724597,765328066,764286684,763743360,765590847,765911657,712238916,712237558,712237585,715191758,715192028,760319827,763762262,695638272,729003845,60532895,152486141,11031&fields=7308,7309,7310,7311,31,7633,6457
<- 200 GET /v1/api/iserver/marketdata/snapshot?conids=653081429,653081500,672829101,672829170,681926954,681927105,674163806,653250687,653250400,763665580,763665630,653152108,758141216,716497189,703415595,703415862,712169275,712168761,765895478,765895679,653157694,692857360,692857481,728874969,724340545,758162101,763684349,731526272,731526352,754945951,728881746,758152265,763687845,763689106,763689160,728902115,758170739,763732402,763732470,756975736,688043351,725296088,758204706,763724597,765328066,764286684,763743360,765590847,765911657,712238916,712237558,712237585,715191758,715192028,760319827,763762262,695638272,729003845,60532895,152486141,11031&fields=7308,7309,7310,7311,31,7633,6457
-> GET /v1/api/iserver/marketdata/snapshot?conids=4391,3691937,761335611,5684,44001820,51529211,208813719,209411798,152486141,83975037,75960201,4815747,11031,756733,365207014,nan&fields=55,31,7287,7655
<- 200 GET /v1/api/iserver/marketdata/snapshot?conids=4391,3691937,761335611,5684,44001820,51529211,208813719,209411798,152486141,83975037,75960201,4815747,11031,756733,365207014,nan&fields=55,31,7287,7655
-> request: /sso/ping
-> GET /sso/ping,200|254ms
-> request: /sso/ping
-> GET /sso/ping,200|200ms
-> request: /sso/ping
-> GET /sso/ping,200|243ms
-> request: /sso/ping
-> GET /sso/ping,200|191ms
-> request: /sso/ping
-> GET /sso/ping,200|221ms
-> request: /sso/ping
-> GET /sso/ping,200|193ms
-> request: /sso/ping
-> GET /sso/ping,200|391ms
-> request: /sso/ping
-> GET /sso/ping,200|224ms
-> request: /sso/ping
-> GET /sso/ping,200|253ms
-> request: /sso/ping
-> GET /sso/ping,200|238ms
-> request: /sso/ping
-> GET /sso/ping,200|201ms
-> request: /sso/ping
-> GET /sso/ping,200|205ms
-> request: /sso/ping
-> GET /sso/ping,200|208ms
-> request: /sso/ping
-> GET /sso/ping,200|279ms
-> request: /sso/ping
-> GET /sso/ping,200|204ms
-> request: /sso/ping
-> GET /sso/ping,200|207ms
-> request: /sso/ping
-> GET /sso/ping,200|240ms
-> request: /sso/ping
-> GET /sso/ping,200|241ms
-> request: /sso/ping
-> GET /sso/ping,200|193ms
-> request: /sso/ping
-> GET /sso/ping,200|206ms
-> request: /sso/ping
-> GET /sso/ping,200|266ms
-> request: /sso/ping
-> GET /sso/ping,200|335ms
-> request: /sso/ping
-> GET /sso/ping,200|206ms
-> request: /sso/ping
-> GET /sso/ping,200|211ms
-> request: /sso/ping
-> GET /sso/ping,200|225ms
-> request: /sso/ping
-> GET /sso/ping,200|228ms
-> request: /sso/ping
-> GET /sso/ping,200|259ms
-> request: /sso/ping
-> GET /sso/ping,200|250ms
-> request: /sso/ping
-> GET /sso/ping,200|225ms
-> request: /sso/ping
-> GET /sso/ping,200|277ms
-> request: /sso/ping
-> GET /sso/ping,200|228ms
-> request: /sso/ping
-> GET /sso/ping,200|292ms
-> request: /sso/ping
-> GET /sso/ping,200|213ms
-> request: /sso/ping
-> GET /sso/ping,200|327ms
-> request: /sso/ping
-> GET /sso/ping,200|226ms
-> request: /sso/ping
-> GET /sso/ping,200|206ms
-> request: /sso/ping
-> GET /sso/ping,200|712ms
-> request: /sso/ping
-> GET /sso/ping,200|520ms
-> request: /sso/ping
-> GET /sso/ping,200|255ms
-> request: /sso/ping
-> GET /sso/ping,200|311ms
-> request: /sso/ping
-> GET /sso/ping,200|259ms
-> request: /sso/ping
-> GET /sso/ping,200|427ms
-> request: /sso/ping
-> GET /sso/ping,200|324ms
-> request: /sso/ping
-> GET /sso/ping,200|554ms
-> request: /sso/ping
-> GET /sso/ping,200|257ms
-> request: /sso/ping
-> GET /sso/ping,200|203ms
-> request: /sso/ping
-> GET /sso/ping,200|207ms
-> request: /sso/ping
-> GET /sso/ping,200|251ms
-> request: /sso/ping
-> GET /sso/ping,200|194ms
-> request: /sso/ping
-> GET /sso/ping,200|259ms
-> request: /sso/ping
-> GET /sso/ping,200|190ms
-> request: /sso/ping
-> GET /sso/ping,200|213ms
-> request: /sso/ping
-> GET /sso/ping,200|397ms
-> request: /sso/ping
-> GET /sso/ping,200|203ms
-> request: /sso/ping
-> GET /sso/ping,200|210ms
-> request: /sso/ping
-> GET /sso/ping,200|282ms
-> request: /sso/ping
-> GET /sso/ping,200|213ms
-> request: /sso/ping
-> GET /sso/ping,200|340ms
-> request: /sso/ping
-> GET /sso/ping,200|253ms
-> request: /sso/ping
-> GET /sso/ping,200|671ms
-> request: /sso/ping
-> GET /sso/ping,200|227ms
-> request: /sso/ping
-> GET /sso/ping,200|255ms
-> request: /sso/ping
-> GET /sso/ping,200|277ms
-> GET /sso/Login?forwardTo=22&RL=1&ip2loc=US
<- 200 GET /sso/Login?forwardTo=22&RL=1&ip2loc=US
-> GET /css/bootstrap-5.2.2/bootstrap.min.css
-> GET /css/fontawesome-6.2.0/all.min.css
<- 200 GET /css/bootstrap-5.2.2/bootstrap.min.css
-> GET /css/bootstrap-switch-3.3.2/bootstrap-switch.min.css
<- 200 GET /css/fontawesome-6.2.0/all.min.css
-> GET /css/reg-am/login.min.css
<- 200 GET /css/bootstrap-switch-3.3.2/bootstrap-switch.min.css
-> GET /css/ibkr/theme-ibkr-portal.min.css
-> GET /scripts/common/js/bootstrap-5.2.2/bootstrap.bundle.min.js
<- 200 GET /css/reg-am/login.min.css
-> GET /scripts/common/js/jquery-3.7.0/jquery.min.js
-> GET /sso/lib/xyz.bundle.min.js
<- 200 GET /scripts/common/js/jquery-3.7.0/jquery.min.js
<- 200 GET /css/ibkr/theme-ibkr-portal.min.css
<- 200 GET /scripts/common/js/bootstrap-5.2.2/bootstrap.bundle.min.js
<- 200 GET /sso/lib/xyz.bundle.min.js
-> GET /images/common/logos/ibkr/interactive-brokers.svg
-> GET /fonts/proxima-nova/Proxima-Nova-Regular.woff2
-> GET /fonts/fontawesome-6.4.2/webfonts/fa-solid-900.woff2
-> GET /fonts/proxima-nova/Proxima-Nova-Semibold.woff2
<- 200 GET /images/common/logos/ibkr/interactive-brokers.svg
-> GET /fonts/fontawesome-6.2.0/webfonts/fa-brands-400.woff2
<- 200 GET /fonts/proxima-nova/Proxima-Nova-Regular.woff2
<- 200 GET /fonts/fontawesome-6.4.2/webfonts/fa-solid-900.woff2
<- 200 GET /fonts/proxima-nova/Proxima-Nova-Semibold.woff2
<- 200 GET /fonts/fontawesome-6.2.0/webfonts/fa-brands-400.woff2
-> POST /sso/Authenticator
<- 200 POST /sso/Authenticator
-> POST /sso/Authenticator
<- 200 POST /sso/Authenticator
-> POST /sso/Authenticator
<- 200 POST /sso/Authenticator
-> GET /fonts/proxima-nova/proximanova-extrabold.woff2
<- 200 GET /fonts/proxima-nova/proximanova-extrabold.woff2
-> POST /sso/Authenticator
<- 200 POST /sso/Authenticator
-> POST /sso/Authenticator
<- 200 POST /sso/Authenticator
-> POST /sso/Authenticator
<- 200 POST /sso/Authenticator
-> POST /sso/Dispatcher
<- 302 POST /sso/Dispatcher
-> request: /v1/api/sso/validate?gw=1
-> GET /v1/api/sso/validate?gw=1,200|269ms
-> request: /v1/api/one/user
-> request: /v1/api/ssodh/init
-> sso GET https://api.ibkr.com/v1/api/ssodh/init
-> GET /v1/api/one/user,200|1019ms
-> request: /v1/api/ssodh/st
-> sso GET https://api.ibkr.com/v1/api/ssodh/st
-> request: /v1/api/iserver/auth/status
-> GET /v1/api/iserver/auth/status,200|340ms
-> request: /v1/api/iserver/auth/ssodh/init
-> POST https://api.ibkr.com/v1/api/iserver/auth/ssodh/init,200|1807ms
-> request: /v1/api/iserver/accounts
-> GET /v1/api/iserver/accounts,200|246ms
-> GET /v1/api/portfolio/U4264576/positions
<- 200 GET /v1/api/portfolio/U4264576/positions
-> GET /v1/api/iserver/marketdata/snapshot?conids=653081429,653081500,672829101,672829170,681926954,681927105,674163806,653250687,653250400,763665580,763665630,653152108,758141216,716497189,703415595,703415862,712169275,712168761,765895478,765895679,653157694,692857360,692857481,728874969,724340545,758162101,763684349,731526272,731526352,754945951,728881746,758152265,763687845,763689106,763689160,728902115,758170739,763732402,763732470,756975736,688043351,725296088,758204706,763724597,765593760,766268544,677178228,765328066,764286684,763743360,767949821,766259977,765590847,765911657,712238916,712237558,712237585,715191758,715192028,653319808,760319827,763762262,695638272,729003845,60532895,152486141,11031&fields=7308,7309,7310,7311,31,7633,6457
<- 200 GET /v1/api/iserver/marketdata/snapshot?conids=653081429,653081500,672829101,672829170,681926954,681927105,674163806,653250687,653250400,763665580,763665630,653152108,758141216,716497189,703415595,703415862,712169275,712168761,765895478,765895679,653157694,692857360,692857481,728874969,724340545,758162101,763684349,731526272,731526352,754945951,728881746,758152265,763687845,763689106,763689160,728902115,758170739,763732402,763732470,756975736,688043351,725296088,758204706,763724597,765593760,766268544,677178228,765328066,764286684,763743360,767949821,766259977,765590847,765911657,712238916,712237558,712237585,715191758,715192028,653319808,760319827,763762262,695638272,729003845,60532895,152486141,11031&fields=7308,7309,7310,7311,31,7633,6457
-> request: /v1/api/tickle
-> GET /v1/api/tickle,200|224ms
-> GET /v1/api/portfolio/U4264576/positions
<- 200 GET /v1/api/portfolio/U4264576/positions
-> GET /v1/api/iserver/marketdata/snapshot?conids=653081429,653081500,672829101,672829170,681926954,681927105,674163806,653250687,653250400,763665580,763665630,653152108,758141216,716497189,703415595,703415862,712169275,712168761,765895478,765895679,653157694,692857360,692857481,728874969,724340545,758162101,763684349,731526272,731526352,754945951,728881746,758152265,763687845,763689106,763689160,728902115,758170739,763732402,763732470,756975736,688043351,725296088,758204706,763724597,765593760,766268544,677178228,765328066,764286684,763743360,767949821,766259977,765590847,765911657,712238916,712237558,712237585,715191758,715192028,653319808,760319827,763762262,695638272,729003845,60532895,152486141,11031&fields=7308,7309,7310,7311,31,7633,6457
<- 200 GET /v1/api/iserver/marketdata/snapshot?conids=653081429,653081500,672829101,672829170,681926954,681927105,674163806,653250687,653250400,763665580,763665630,653152108,758141216,716497189,703415595,703415862,712169275,712168761,765895478,765895679,653157694,692857360,692857481,728874969,724340545,758162101,763684349,731526272,731526352,754945951,728881746,758152265,763687845,763689106,763689160,728902115,758170739,763732402,763732470,756975736,688043351,725296088,758204706,763724597,765593760,766268544,677178228,765328066,764286684,763743360,767949821,766259977,765590847,765911657,712238916,712237558,712237585,715191758,715192028,653319808,760319827,763762262,695638272,729003845,60532895,152486141,11031&fields=7308,7309,7310,7311,31,7633,6457
-> GET /v1/api/iserver/marketdata/snapshot?conids=4391,3691937,761335611,5684,44001820,51529211,208813719,209411798,152486141,83975037,75960201,4815747,11031,320227571,756733,365207014,nan&fields=55,31,7287,7655
<- 200 GET /v1/api/iserver/marketdata/snapshot?conids=4391,3691937,761335611,5684,44001820,51529211,208813719,209411798,152486141,83975037,75960201,4815747,11031,320227571,756733,365207014,nan&fields=55,31,7287,7655
-> GET /v1/api/portfolio/U4264576/positions
<- 200 GET /v1/api/portfolio/U4264576/positions
-> GET /v1/api/iserver/marketdata/snapshot?conids=653081429,653081500,672829101,672829170,681926954,681927105,674163806,653250687,653250400,763665580,763665630,653152108,758141216,716497189,703415595,703415862,712169275,712168761,765895478,765895679,653157694,692857360,692857481,728874969,724340545,758162101,763684349,731526272,731526352,754945951,728881746,758152265,763687845,763689106,763689160,728902115,758170739,763732402,763732470,756975736,688043351,725296088,758204706,763724597,765593760,766268544,677178228,765328066,764286684,763743360,767949821,766259977,765590847,765911657,712238916,712237558,712237585,715191758,715192028,653319808,760319827,763762262,695638272,729003845,60532895,152486141,11031&fields=7308,7309,7310,7311,31,7633,6457
<- 200 GET /v1/api/iserver/marketdata/snapshot?conids=653081429,653081500,672829101,672829170,681926954,681927105,674163806,653250687,653250400,763665580,763665630,653152108,758141216,716497189,703415595,703415862,712169275,712168761,765895478,765895679,653157694,692857360,692857481,728874969,724340545,758162101,763684349,731526272,731526352,754945951,728881746,758152265,763687845,763689106,763689160,728902115,758170739,763732402,763732470,756975736,688043351,725296088,758204706,763724597,765593760,766268544,677178228,765328066,764286684,763743360,767949821,766259977,765590847,765911657,712238916,712237558,712237585,715191758,715192028,653319808,760319827,763762262,695638272,729003845,60532895,152486141,11031&fields=7308,7309,7310,7311,31,7633,6457
-> GET /v1/api/iserver/marketdata/snapshot?conids=4391,3691937,761335611,5684,44001820,51529211,208813719,209411798,152486141,83975037,75960201,4815747,11031,320227571,756733,365207014,nan&fields=55,31,7287,7655
<- 200 GET /v1/api/iserver/marketdata/snapshot?conids=4391,3691937,761335611,5684,44001820,51529211,208813719,209411798,152486141,83975037,75960201,4815747,11031,320227571,756733,365207014,nan&fields=55,31,7287,7655
-> request: /v1/api/tickle
-> GET /v1/api/tickle,200|226ms
-> request: /v1/api/sso/validate?gw=1
-> request: /v1/api/sso/validate?gw=1
-> GET /v1/api/sso/validate?gw=1,200|214ms
-> request: /v1/api/one/user
-> request: /v1/api/ssodh/init
-> sso GET https://api.ibkr.com/v1/api/ssodh/init
-> GET /v1/api/sso/validate?gw=1,200|254ms
-> request: /v1/api/one/user
-> request: /v1/api/ssodh/init
-> sso GET https://api.ibkr.com/v1/api/ssodh/init
-> GET /v1/api/one/user,200|258ms
-> GET /v1/api/one/user,200|236ms
-> GET /v1/api/portfolio/U4264576/positions
<- 200 GET /v1/api/portfolio/U4264576/positions
-> GET /v1/api/iserver/marketdata/snapshot?conids=653081429,653081500,672829101,672829170,681926954,681927105,674163806,653250687,653250400,763665580,763665630,653152108,758141216,716497189,703415595,703415862,712169275,712168761,765895478,765895679,653157694,692857360,692857481,728874969,724340545,758162101,763684349,731526272,731526352,754945951,728881746,758152265,763687845,763689106,763689160,728902115,758170739,763732402,763732470,756975736,688043351,725296088,758204706,763724597,765593760,766268544,677178228,765328066,764286684,763743360,767949821,766259977,765590847,765911657,712238916,712237558,712237585,715191758,715192028,653319808,760319827,763762262,695638272,729003845,60532895,152486141,11031&fields=7308,7309,7310,7311,31,7633,6457
<- 200 GET /v1/api/iserver/marketdata/snapshot?conids=653081429,653081500,672829101,672829170,681926954,681927105,674163806,653250687,653250400,763665580,763665630,653152108,758141216,716497189,703415595,703415862,712169275,712168761,765895478,765895679,653157694,692857360,692857481,728874969,724340545,758162101,763684349,731526272,731526352,754945951,728881746,758152265,763687845,763689106,763689160,728902115,758170739,763732402,763732470,756975736,688043351,725296088,758204706,763724597,765593760,766268544,677178228,765328066,764286684,763743360,767949821,766259977,765590847,765911657,712238916,712237558,712237585,715191758,715192028,653319808,760319827,763762262,695638272,729003845,60532895,152486141,11031&fields=7308,7309,7310,7311,31,7633,6457
-> GET /v1/api/iserver/marketdata/snapshot?conids=4391,3691937,761335611,5684,44001820,51529211,208813719,209411798,152486141,83975037,75960201,4815747,11031,320227571,756733,365207014,nan&fields=55,31,7287,7655
<- 200 GET /v1/api/iserver/marketdata/snapshot?conids=4391,3691937,761335611,5684,44001820,51529211,208813719,209411798,152486141,83975037,75960201,4815747,11031,320227571,756733,365207014,nan&fields=55,31,7287,7655
-> request: /sso/ping
-> GET /sso/ping,200|203ms
-> request: /sso/ping
-> GET /sso/ping,200|219ms
-> request: /sso/ping
-> GET /sso/ping,200|239ms
-> request: /sso/ping
-> GET /sso/ping,200|296ms
-> request: /sso/ping
-> GET /sso/ping,200|221ms
-> request: /sso/ping
-> GET /sso/ping,200|321ms
-> request: /sso/ping
-> GET /sso/ping,200|301ms
-> request: /sso/ping
-> GET /sso/ping,200|222ms
-> request: /sso/ping
-> GET /sso/ping,200|202ms
-> request: /sso/ping
-> GET /sso/ping,200|205ms
-> request: /sso/ping
-> GET /sso/ping,200|191ms
-> request: /sso/ping
-> GET /sso/ping,200|232ms
-> request: /sso/ping
-> GET /sso/ping,200|272ms
-> request: /sso/ping
-> GET /sso/ping,200|780ms
-> request: /sso/ping
-> GET /sso/ping,200|235ms
-> request: /sso/ping
-> GET /sso/ping,200|262ms
-> request: /sso/ping
-> GET /sso/ping,200|349ms
-> request: /sso/ping
-> GET /sso/ping,200|225ms
-> request: /sso/ping
-> GET /sso/ping,200|216ms
-> request: /sso/ping
-> GET /sso/ping,200|193ms
-> request: /sso/ping
-> GET /sso/ping,200|259ms
-> request: /sso/ping
-> GET /sso/ping,200|271ms
-> request: /sso/ping
-> GET /sso/ping,200|250ms
-> request: /sso/ping
-> GET /sso/ping,200|237ms
-> request: /sso/ping
-> GET /sso/ping,200|338ms
-> request: /sso/ping
-> GET /sso/ping,200|267ms
-> request: /sso/ping
-> GET /sso/ping,200|397ms
-> request: /sso/ping
-> GET /sso/ping,200|218ms
-> request: /sso/ping
-> GET /sso/ping,200|320ms
-> request: /sso/ping
-> GET /sso/ping,200|231ms
-> request: /sso/ping
-> GET /sso/ping,200|301ms
-> request: /sso/ping
-> GET /sso/ping,200|290ms
-> request: /sso/ping
-> GET /sso/ping,200|391ms
-> request: /sso/ping
-> GET /sso/ping,200|282ms
-> request: /sso/ping
-> GET /sso/ping,200|247ms
-> request: /sso/ping
-> GET /sso/ping,200|219ms
-> request: /sso/ping
-> GET /sso/ping,200|245ms
-> request: /sso/ping
-> GET /sso/ping,200|258ms
-> request: /sso/ping
-> GET /sso/ping,200|214ms
-> request: /sso/ping
-> GET /sso/ping,200|292ms
-> request: /sso/ping
-> GET /sso/ping,200|321ms
-> request: /sso/ping
-> GET /sso/ping,200|252ms
-> request: /sso/ping
-> GET /sso/ping,200|234ms
-> request: /sso/ping
-> GET /sso/ping,200|457ms
-> request: /sso/ping
-> GET /sso/ping,200|198ms
-> request: /sso/ping
-> GET /sso/ping,200|225ms
-> request: /sso/ping
-> GET /sso/ping,200|199ms
-> request: /sso/ping
-> GET /sso/ping,200|222ms
-> request: /sso/ping
-> GET /sso/ping,200|215ms
-> request: /sso/ping
-> GET /sso/ping,200|230ms
-> request: /sso/ping
-> GET /sso/ping,200|254ms
-> request: /sso/ping
-> GET /sso/ping,200|229ms
-> request: /sso/ping
-> GET /sso/ping,200|295ms
-> request: /sso/ping
-> GET /sso/ping,200|267ms
-> request: /sso/ping
-> GET /sso/ping,200|190ms
-> request: /sso/ping
-> GET /sso/ping,200|269ms
-> request: /sso/ping
-> GET /sso/ping,200|238ms
-> request: /sso/ping
-> GET /sso/ping,200|216ms
-> request: /sso/ping
-> GET /sso/ping,200|221ms
-> request: /sso/ping
-> GET /sso/ping,200|329ms
-> request: /sso/ping
-> GET /sso/ping,200|239ms
-> request: /sso/ping
-> GET /sso/ping,200|287ms
-> request: /sso/ping
-> GET /sso/ping,200|450ms
-> request: /sso/ping
-> GET /sso/ping,200|207ms
-> request: /sso/ping
-> GET /sso/ping,200|507ms
-> request: /sso/ping
-> GET /sso/ping,200|317ms
-> request: /sso/ping
-> GET /sso/ping,200|332ms
-> request: /sso/ping
-> GET /sso/ping,200|208ms
-> request: /sso/ping
-> GET /sso/ping,200|434ms
-> request: /sso/ping
-> GET /sso/ping,200|264ms
