-> request: /sso/ping
-> request: /sso/ping
-> request: /sso/ping
-> request: /sso/ping
-> request: /sso/ping
-> request: /sso/ping
-> request: /sso/ping
-> request: /sso/ping
-> request: /sso/ping
-> request: /sso/ping
-> request: /sso/ping
-> request: /sso/ping
-> request: /sso/ping
-> request: /sso/ping
-> request: /sso/ping
-> request: /sso/ping
-> request: /sso/ping
-> request: /sso/ping
-> request: /sso/ping
-> request: /sso/ping
-> request: /sso/ping
-> request: /sso/ping
-> request: /sso/ping
-> request: /sso/ping
-> request: /sso/ping
-> request: /sso/ping
-> request: /sso/ping
-> request: /sso/ping
-> request: /sso/ping
-> request: /sso/ping
-> request: /sso/ping
-> request: /sso/ping
-> request: /sso/ping
-> request: /sso/ping
-> request: /sso/ping
-> request: /sso/ping
-> request: /sso/ping
-> request: /sso/ping
-> request: /sso/ping
-> request: /sso/ping
-> request: /sso/ping
-> request: /sso/ping
-> request: /sso/ping
-> request: /sso/ping
-> request: /sso/ping
-> request: /sso/ping
-> request: /sso/ping
-> request: /sso/ping
-> request: /sso/ping
-> request: /sso/ping
-> request: /sso/ping
-> request: /sso/ping
-> request: /sso/ping
-> request: /sso/ping
-> request: /sso/ping
-> request: /sso/ping
-> request: /sso/ping
-> request: /sso/ping
-> request: /sso/ping
-> request: /sso/ping
-> request: /sso/ping
-> request: /sso/ping
-> request: /sso/ping
-> request: /sso/ping
-> request: /sso/ping
-> request: /sso/ping
-> request: /sso/ping
-> request: /sso/ping
-> request: /sso/ping
-> request: /sso/ping
-> request: /sso/ping
-> request: /sso/ping
-> request: /sso/ping
-> request: /sso/ping
-> request: /sso/ping
-> request: /sso/ping
-> request: /sso/ping
-> request: /sso/ping
-> request: /sso/ping
-> request: /sso/ping
-> request: /sso/ping
-> request: /sso/ping
-> request: /sso/ping
-> request: /sso/ping
-> request: /sso/ping
-> request: /sso/ping
-> request: /sso/ping
-> request: /sso/ping
-> request: /sso/ping
-> request: /sso/ping
-> request: /sso/ping
-> request: /sso/ping
-> request: /sso/ping
-> request: /sso/ping
-> request: /sso/ping
-> request: /sso/ping
-> request: /sso/ping
-> request: /sso/ping
-> request: /sso/ping
-> request: /sso/ping
-> request: /sso/ping
-> request: /sso/ping
-> request: /sso/ping
-> request: /sso/ping
-> request: /sso/ping
-> request: /sso/ping
-> request: /sso/ping
-> request: /sso/ping
-> request: /sso/ping
-> request: /sso/ping
-> request: /sso/ping
-> request: /sso/ping
-> request: /sso/ping
-> request: /sso/ping
-> request: /sso/ping
-> request: /sso/ping
-> request: /sso/ping
-> request: /sso/ping
-> request: /sso/ping
-> request: /sso/ping
-> request: /sso/ping
-> request: /sso/ping
-> request: /sso/ping
-> request: /sso/ping
-> request: /sso/ping
-> request: /sso/ping
-> request: /sso/ping
-> request: /sso/ping
-> request: /sso/ping
-> request: /sso/ping
-> request: /sso/ping
-> request: /sso/ping
-> request: /sso/ping
-> request: /sso/ping
-> request: /sso/ping
-> request: /sso/ping
-> request: /sso/ping
-> request: /sso/ping
-> request: /sso/ping
-> request: /sso/ping
-> request: /sso/ping
-> request: /sso/ping
-> request: /sso/ping
-> request: /sso/ping
-> request: /sso/ping
-> request: /sso/ping
-> request: /sso/ping
-> request: /sso/ping
-> request: /sso/ping
-> request: /sso/ping
-> request: /sso/ping
-> request: /sso/ping
-> request: /sso/ping
-> request: /sso/ping
-> request: /sso/ping
-> request: /sso/ping
-> request: /sso/ping
-> request: /sso/ping
-> request: /sso/ping
-> request: /sso/ping
-> request: /sso/ping
-> request: /sso/ping
-> request: /sso/ping
-> request: /sso/ping
-> request: /sso/ping
-> request: /sso/ping
-> request: /sso/ping
-> request: /sso/ping
-> request: /sso/ping
-> request: /sso/ping
-> request: /sso/ping
-> request: /sso/ping
-> request: /sso/ping
-> request: /sso/ping
-> request: /sso/ping
-> request: /sso/ping
-> request: /sso/ping
-> request: /sso/ping
-> request: /sso/ping
-> request: /sso/ping
-> request: /sso/ping
-> request: /sso/ping
-> request: /sso/ping
-> request: /sso/ping
-> request: /sso/ping
-> request: /sso/ping
-> request: /sso/ping
-> request: /sso/ping
-> request: /sso/ping
-> request: /sso/ping
-> request: /sso/ping
-> request: /sso/ping
-> request: /sso/ping
-> request: /sso/ping
-> request: /sso/ping
-> request: /sso/ping
-> request: /sso/ping
-> request: /sso/ping
-> request: /sso/ping
-> request: /sso/ping
-> request: /sso/ping
-> request: /sso/ping
-> request: /sso/ping
-> request: /sso/ping
-> request: /sso/ping
-> request: /sso/ping
-> request: /sso/ping
-> request: /sso/ping
-> request: /sso/ping
-> request: /sso/ping
-> request: /sso/ping
-> request: /sso/ping
-> request: /sso/ping
-> request: /sso/ping
-> request: /sso/ping
-> request: /sso/ping
-> request: /sso/ping
-> request: /sso/ping
-> request: /sso/ping
-> request: /sso/ping
-> request: /sso/ping
-> request: /sso/ping
-> request: /sso/ping
-> request: /sso/ping
-> request: /sso/ping
-> request: /sso/ping
-> request: /sso/ping
-> request: /sso/ping
-> request: /sso/ping
-> request: /sso/ping
-> request: /sso/ping
-> request: /sso/ping
-> request: /sso/ping
-> request: /sso/ping
-> request: /sso/ping
-> request: /sso/ping
-> request: /sso/ping
-> request: /sso/ping
-> request: /sso/ping
-> request: /sso/ping
-> request: /sso/ping
-> request: /sso/ping
-> request: /sso/ping
-> request: /sso/ping
-> request: /sso/ping
-> request: /sso/ping
-> request: /sso/ping
-> request: /sso/ping
-> request: /sso/ping
-> request: /sso/ping
-> request: /sso/ping
-> request: /sso/ping
-> request: /sso/ping
-> request: /sso/ping
-> request: /sso/ping
-> request: /sso/ping
-> request: /sso/ping
-> request: /sso/ping
-> request: /sso/ping
-> request: /sso/ping
-> request: /sso/ping
-> request: /sso/ping
-> request: /sso/ping
-> request: /sso/ping
-> request: /sso/ping
-> request: /sso/ping
-> request: /sso/ping
-> request: /sso/ping
-> request: /sso/ping
-> request: /sso/ping
-> request: /sso/ping
-> request: /sso/ping
-> request: /sso/ping
-> request: /sso/ping
-> request: /sso/ping
-> request: /sso/ping
-> request: /sso/ping
-> request: /sso/ping
-> request: /sso/ping
-> request: /sso/ping
-> request: /sso/ping
-> request: /sso/ping
-> request: /sso/ping
-> request: /sso/ping
-> request: /sso/ping
-> request: /sso/ping
-> request: /sso/ping
-> request: /sso/ping
-> request: /sso/ping
-> request: /sso/ping
-> request: /sso/ping
-> request: /sso/ping
-> request: /sso/ping
-> request: /sso/ping
-> request: /sso/ping
-> request: /sso/ping
-> request: /sso/ping
-> request: /sso/ping
-> request: /sso/ping
-> request: /sso/ping
-> request: /sso/ping
-> request: /sso/ping
-> request: /sso/ping
-> request: /sso/ping
-> request: /sso/ping
-> request: /sso/ping
-> request: /sso/ping
-> request: /sso/ping
-> request: /sso/ping
-> request: /sso/ping
-> request: /sso/ping
-> request: /sso/ping
-> request: /sso/ping
-> request: /sso/ping
-> request: /sso/ping
-> request: /sso/ping
-> request: /sso/ping
-> request: /sso/ping
-> request: /sso/ping
-> request: /sso/ping
-> request: /sso/ping
-> request: /sso/ping
-> request: /sso/ping
-> request: /sso/ping
-> request: /sso/ping
-> request: /sso/ping
-> request: /sso/ping
-> request: /sso/ping
-> request: /sso/ping
-> request: /sso/ping
-> request: /sso/ping
-> request: /sso/ping
-> request: /sso/ping
-> request: /sso/ping
-> request: /sso/ping
-> request: /sso/ping
-> request: /sso/ping
-> request: /sso/ping
-> request: /sso/ping
-> request: /sso/ping
-> request: /sso/ping
-> request: /sso/ping
-> request: /sso/ping
-> request: /sso/ping
-> request: /sso/ping
-> request: /sso/ping
-> request: /sso/ping
-> request: /sso/ping
-> request: /sso/ping
-> request: /sso/ping
-> request: /sso/ping
-> request: /sso/ping
-> request: /sso/ping
-> request: /sso/ping
-> request: /sso/ping
-> request: /sso/ping
-> request: /sso/ping
-> request: /sso/ping
-> request: /sso/ping
-> request: /sso/ping
-> request: /sso/ping
-> request: /sso/ping
-> request: /sso/ping
-> request: /sso/ping
-> request: /sso/ping
-> request: /sso/ping
-> GET /sso/ping,200|560ms
-> GET /sso/ping,200|861ms
-> GET /sso/ping,200|625ms
-> GET /sso/ping,200|836ms
-> GET /sso/ping,200|844ms
-> GET /sso/ping,200|847ms
-> GET /sso/ping,200|865ms
-> GET /sso/ping,200|908ms
-> GET /sso/ping,200|1044ms
-> GET /sso/ping,200|1057ms
-> GET /sso/ping,200|1067ms
-> GET /sso/ping,200|1131ms
-> GET /sso/ping,200|1180ms
-> GET /sso/ping,200|1279ms
-> GET /sso/ping,200|1435ms
-> GET /sso/ping,200|1458ms
-> GET /sso/ping,200|1461ms
-> GET /sso/ping,200|1463ms
-> GET /sso/ping,200|1586ms
-> GET /sso/ping,200|1656ms
-> GET /sso/ping,200|1667ms
-> GET /sso/ping,200|1775ms
-> GET /sso/ping,200|1778ms
-> GET /sso/ping,200|1825ms
-> GET /sso/ping,200|1900ms
-> GET /sso/ping,200|1913ms
-> GET /sso/ping,200|1984ms
-> GET /sso/ping,200|2053ms
-> GET /sso/ping,200|2066ms
-> GET /sso/ping,200|2142ms
-> GET /sso/ping,200|2220ms
-> GET /sso/ping,200|2299ms
-> GET /sso/ping,200|2301ms
-> GET /sso/ping,200|2323ms
-> GET /sso/ping,200|2562ms
-> GET /sso/ping,200|2621ms
-> GET /sso/ping,200|2643ms
-> GET /sso/ping,200|2645ms
-> GET /sso/ping,200|2645ms
-> GET /sso/ping,200|2830ms
-> GET /sso/ping,200|2888ms
-> GET /sso/ping,200|2895ms
-> GET /sso/ping,200|2897ms
-> GET /sso/ping,200|2913ms
-> GET /sso/ping,200|3049ms
-> GET /sso/ping,200|3177ms
-> GET /sso/ping,200|3178ms
-> GET /sso/ping,200|3185ms
-> GET /sso/ping,200|3235ms
-> GET /sso/ping,200|3339ms
-> GET /sso/ping,200|3386ms
-> GET /sso/ping,200|3418ms
-> GET /sso/ping,200|3432ms
-> GET /sso/ping,200|3539ms
-> GET /sso/ping,200|3586ms
-> GET /sso/ping,200|3646ms
-> GET /sso/ping,200|3670ms
-> GET /sso/ping,200|3802ms
-> GET /sso/ping,200|3803ms
-> GET /sso/ping,200|3850ms
-> GET /sso/ping,200|3855ms
-> GET /sso/ping,200|3875ms
-> GET /sso/ping,200|4011ms
-> GET /sso/ping,200|4017ms
-> GET /sso/ping,200|4053ms
-> GET /sso/ping,200|4092ms
-> GET /sso/ping,200|4153ms
-> GET /sso/ping,200|4242ms
-> GET /sso/ping,200|4271ms
-> GET /sso/ping,200|4308ms
-> GET /sso/ping,200|4347ms
-> GET /sso/ping,200|4369ms
-> GET /sso/ping,200|4469ms
-> GET /sso/ping,200|4485ms
-> GET /sso/ping,200|4522ms
-> GET /sso/ping,200|4585ms
-> GET /sso/ping,200|4672ms
-> GET /sso/ping,200|4689ms
-> GET /sso/ping,200|4718ms
-> GET /sso/ping,200|4746ms
-> GET /sso/ping,200|4798ms
-> GET /sso/ping,200|4887ms
-> GET /sso/ping,200|4890ms
-> GET /sso/ping,200|4933ms
-> GET /sso/ping,200|5008ms
-> GET /sso/ping,200|5027ms
-> GET /sso/ping,200|5246ms
-> GET /sso/ping,200|5276ms
-> GET /sso/ping,200|5315ms
-> GET /sso/ping,200|5492ms
-> GET /sso/ping,200|5518ms
-> GET /sso/ping,200|5553ms
-> GET /sso/ping,200|5566ms
-> GET /sso/ping,200|5600ms
-> GET /sso/ping,200|5725ms
-> GET /sso/ping,200|5737ms
-> GET /sso/ping,200|5830ms
-> GET /sso/ping,200|5844ms
-> GET /sso/ping,200|5860ms
-> GET /sso/ping,200|5995ms
-> GET /sso/ping,200|5996ms
-> GET /sso/ping,200|6059ms
-> GET /sso/ping,200|6103ms
-> GET /sso/ping,200|6121ms
-> GET /sso/ping,200|6279ms
-> GET /sso/ping,200|6305ms
-> GET /sso/ping,200|6322ms
-> GET /sso/ping,200|6339ms
-> GET /sso/ping,200|6341ms
-> GET /sso/ping,200|6879ms
-> GET /sso/ping,200|6880ms
-> GET /sso/ping,200|6881ms
-> GET /sso/ping,200|6881ms
-> GET /sso/ping,200|6881ms
-> GET /sso/ping,200|7121ms
-> GET /sso/ping,200|7138ms
-> GET /sso/ping,200|7138ms
-> GET /sso/ping,200|7142ms
-> GET /sso/ping,200|7149ms
-> GET /sso/ping,200|7388ms
-> GET /sso/ping,200|7444ms
-> GET /sso/ping,200|7445ms
-> GET /sso/ping,200|7446ms
-> GET /sso/ping,200|7490ms
-> GET /sso/ping,200|7656ms
-> GET /sso/ping,200|7656ms
-> GET /sso/ping,200|7658ms
-> GET /sso/ping,200|7693ms
-> GET /sso/ping,200|7741ms
-> GET /sso/ping,200|7855ms
-> GET /sso/ping,200|7865ms
-> GET /sso/ping,200|7878ms
-> GET /sso/ping,200|7901ms
-> GET /sso/ping,200|8058ms
-> GET /sso/ping,200|8060ms
-> GET /sso/ping,200|8071ms
-> GET /sso/ping,200|8130ms
-> GET /sso/ping,200|8131ms
-> GET /sso/ping,200|8282ms
-> GET /sso/ping,200|8302ms
-> GET /sso/ping,200|8310ms
-> GET /sso/ping,200|8332ms
-> GET /sso/ping,200|8352ms
-> GET /sso/ping,200|8559ms
-> GET /sso/ping,200|8561ms
-> GET /sso/ping,200|8561ms
-> GET /sso/ping,200|8562ms
-> GET /sso/ping,200|8568ms
-> GET /sso/ping,200|8785ms
-> GET /sso/ping,200|8798ms
-> GET /sso/ping,200|8800ms
-> GET /sso/ping,200|8803ms
-> GET /sso/ping,200|8851ms
-> GET /sso/ping,200|9014ms
-> GET /sso/ping,200|9016ms
-> GET /sso/ping,200|9057ms
-> GET /sso/ping,200|9072ms
-> GET /sso/ping,200|9113ms
-> GET /sso/ping,200|9243ms
-> GET /sso/ping,200|9265ms
-> GET /sso/ping,200|9297ms
-> GET /sso/ping,200|9312ms
-> GET /sso/ping,200|9329ms
-> GET /sso/ping,200|9479ms
-> GET /sso/ping,200|9493ms
-> GET /sso/ping,200|9516ms
-> GET /sso/ping,200|9568ms
-> GET /sso/ping,200|9590ms
-> GET /sso/ping,200|9701ms
-> GET /sso/ping,200|9749ms
-> GET /sso/ping,200|9762ms
-> GET /sso/ping,200|9775ms
-> GET /sso/ping,200|9909ms
-> GET /sso/ping,200|9993ms
-> GET /sso/ping,200|9995ms
-> GET /sso/ping,200|10005ms
-> GET /sso/ping,200|10017ms
-> GET /sso/ping,200|10177ms
-> GET /sso/ping,200|10205ms
-> GET /sso/ping,200|10208ms
-> GET /sso/ping,200|10212ms
-> GET /sso/ping,200|10232ms
-> GET /sso/ping,200|10379ms
-> GET /sso/ping,200|10416ms
-> GET /sso/ping,200|10424ms
-> GET /sso/ping,200|10446ms
-> GET /sso/ping,200|10462ms
-> GET /sso/ping,200|10577ms
-> GET /sso/ping,200|10624ms
-> GET /sso/ping,200|10668ms
-> GET /sso/ping,200|10668ms
-> GET /sso/ping,200|10687ms
-> GET /sso/ping,200|10780ms
-> GET /sso/ping,200|10830ms
-> GET /sso/ping,200|10872ms
-> GET /sso/ping,200|10873ms
-> GET /sso/ping,200|10892ms
-> GET /sso/ping,200|10979ms
-> GET /sso/ping,200|11031ms
-> GET /sso/ping,200|11128ms
-> GET /sso/ping,200|11130ms
-> GET /sso/ping,200|11165ms
-> GET /sso/ping,200|11222ms
-> GET /sso/ping,200|11261ms
-> GET /sso/ping,200|11363ms
-> GET /sso/ping,200|11416ms
-> GET /sso/ping,200|11418ms
-> GET /sso/ping,200|11448ms
-> GET /sso/ping,200|11576ms
-> GET /sso/ping,200|11625ms
-> GET /sso/ping,200|11626ms
-> GET /sso/ping,200|11661ms
-> GET /sso/ping,200|11686ms
-> GET /sso/ping,200|11796ms
-> GET /sso/ping,200|11875ms
-> GET /sso/ping,200|11879ms
-> GET /sso/ping,200|11883ms
-> GET /sso/ping,200|11887ms
-> GET /sso/ping,200|12017ms
-> GET /sso/ping,200|12108ms
-> GET /sso/ping,200|12131ms
-> GET /sso/ping,200|12133ms
-> GET /sso/ping,200|12142ms
-> GET /sso/ping,200|12218ms
-> GET /sso/ping,200|12344ms
-> GET /sso/ping,200|12358ms
-> GET /sso/ping,200|12386ms
-> GET /sso/ping,200|12415ms
-> GET /sso/ping,200|12454ms
-> GET /sso/ping,200|12588ms
-> GET /sso/ping,200|12592ms
-> GET /sso/ping,200|12671ms
-> GET /sso/ping,200|12672ms
-> GET /sso/ping,200|12728ms
-> GET /sso/ping,200|12802ms
-> GET /sso/ping,200|12829ms
-> GET /sso/ping,200|12939ms
-> GET /sso/ping,200|12939ms
-> GET /sso/ping,200|12974ms
-> GET /sso/ping,200|13063ms
-> GET /sso/ping,200|13137ms
-> GET /sso/ping,200|13147ms
-> GET /sso/ping,200|13148ms
-> GET /sso/ping,200|13195ms
-> GET /sso/ping,200|13270ms
-> GET /sso/ping,200|13383ms
-> GET /sso/ping,200|13389ms
-> GET /sso/ping,200|13426ms
-> GET /sso/ping,200|13432ms
-> GET /sso/ping,200|13592ms
-> GET /sso/ping,200|13600ms
-> GET /sso/ping,200|13630ms
-> GET /sso/ping,200|13636ms
-> GET /sso/ping,200|13657ms
-> GET /sso/ping,200|13837ms
-> GET /sso/ping,200|13841ms
-> GET /sso/ping,200|13853ms
-> GET /sso/ping,200|13860ms
-> GET /sso/ping,200|13878ms
-> GET /sso/ping,200|14056ms
-> GET /sso/ping,200|14069ms
-> GET /sso/ping,200|14082ms
-> GET /sso/ping,200|14083ms
-> GET /sso/ping,200|14096ms
-> GET /sso/ping,200|14271ms
-> GET /sso/ping,200|14274ms
-> GET /sso/ping,200|14296ms
-> GET /sso/ping,200|14303ms
-> GET /sso/ping,200|14416ms
-> GET /sso/ping,200|14473ms
-> GET /sso/ping,200|14502ms
-> GET /sso/ping,200|14504ms
-> GET /sso/ping,200|14522ms
-> GET /sso/ping,200|14700ms
-> GET /sso/ping,200|14709ms
-> GET /sso/ping,200|14716ms
-> GET /sso/ping,200|14737ms
-> GET /sso/ping,200|14790ms
-> GET /sso/ping,200|14916ms
-> GET /sso/ping,200|14926ms
-> GET /sso/ping,200|14973ms
-> GET /sso/ping,200|14998ms
-> GET /sso/ping,200|15029ms
-> GET /sso/ping,200|15152ms
-> GET /sso/ping,200|15189ms
-> GET /sso/ping,200|15189ms
-> GET /sso/ping,200|15260ms
-> GET /sso/ping,200|15264ms
-> GET /sso/ping,200|15379ms
-> GET /sso/ping,200|15381ms
-> GET /sso/ping,200|15513ms
-> GET /sso/ping,200|15519ms
-> GET /sso/ping,200|15521ms
-> GET /sso/ping,200|15599ms
-> GET /sso/ping,200|15619ms
-> GET /sso/ping,200|10640ms
-> GET /sso/ping,200|10651ms
-> GET /sso/ping,200|10665ms
-> GET /sso/ping,200|10690ms
-> GET /sso/ping,200|10727ms
-> GET /sso/ping,200|10843ms
-> GET /sso/ping,200|10871ms
-> GET /sso/ping,200|10903ms
-> GET /sso/ping,200|10928ms
-> GET /sso/ping,200|10950ms
-> GET /sso/ping,200|11055ms
-> GET /sso/ping,200|11087ms
-> GET /sso/ping,200|11122ms
-> GET /sso/ping,200|11153ms
-> GET /sso/ping,200|11182ms
-> GET /sso/ping,200|11277ms
-> GET /sso/ping,200|11335ms
-> GET /sso/ping,200|11330ms
-> GET /sso/ping,200|11354ms
-> GET /sso/ping,200|11375ms
-> GET /sso/ping,200|11472ms
-> GET /sso/ping,200|11539ms
-> GET /sso/ping,200|11556ms
-> GET /sso/ping,200|11560ms
-> GET /sso/ping,200|11643ms
-> GET /sso/ping,200|11679ms
-> GET /sso/ping,200|11759ms
-> GET /sso/ping,200|11773ms
-> GET /sso/ping,200|11788ms
-> GET /sso/ping,200|11868ms
-> GET /sso/ping,200|11936ms
-> GET /sso/ping,200|12056ms
-> GET /sso/ping,200|12056ms
-> GET /sso/ping,200|12059ms
-> GET /sso/ping,200|12156ms
-> GET /sso/ping,200|12285ms
-> GET /sso/ping,200|12291ms
-> GET /sso/ping,200|12319ms
-> GET /sso/ping,200|12327ms
-> GET /sso/ping,200|12393ms
-> GET /sso/ping,200|12489ms
-> GET /sso/ping,200|12552ms
-> GET /sso/ping,200|12553ms
-> GET /sso/ping,200|12598ms
-> GET /sso/ping,200|12735ms
-> GET /sso/ping,200|12782ms
-> GET /sso/ping,200|12793ms
-> GET /sso/ping,200|12818ms
-> GET /sso/ping,200|13008ms
-> GET /sso/ping,200|13009ms
-> GET /sso/ping,200|13009ms
-> GET /sso/ping,200|13040ms
-> GET /sso/ping,200|13056ms
-> GET /sso/ping,200|13252ms
-> GET /sso/ping,200|13284ms
-> GET /sso/ping,200|13288ms
-> GET /sso/ping,200|13298ms
-> GET /sso/ping,200|13453ms
-> GET /sso/ping,200|13512ms
-> GET /sso/ping,200|13535ms
-> GET /sso/ping,200|13551ms
-> GET /sso/ping,200|13654ms
-> GET /sso/ping,200|13755ms
-> GET /sso/ping,200|13789ms
-> GET /sso/ping,200|13794ms
-> GET /sso/ping,200|13827ms
-> GET /sso/ping,200|13918ms
-> GET /sso/ping,200|13976ms
-> GET /sso/ping,200|14049ms
-> GET /sso/ping,200|14054ms
-> GET /sso/ping,200|14065ms
-> request: /sso/ping
-> GET /sso/ping,200|203ms
-> request: /sso/ping
-> GET /sso/ping,200|406ms
-> request: /sso/ping
-> GET /sso/ping,200|299ms
-> request: /sso/ping
-> GET /sso/ping,200|258ms
-> request: /sso/ping
-> GET /sso/ping,200|521ms
-> request: /sso/ping
-> GET /sso/ping,200|307ms
-> request: /sso/ping
-> GET /sso/ping,200|268ms
-> request: /sso/ping
-> GET /sso/ping,200|456ms
-> request: /sso/ping
-> GET /sso/ping,200|256ms
-> request: /sso/ping
-> GET /sso/ping,200|215ms
-> request: /sso/ping
-> GET /sso/ping,200|253ms
-> request: /sso/ping
-> GET /sso/ping,200|213ms
-> request: /sso/ping
-> GET /sso/ping,200|233ms
-> request: /sso/ping
-> GET /sso/ping,200|304ms
-> request: /sso/ping
-> GET /sso/ping,200|369ms
-> request: /sso/ping
-> GET /sso/ping,200|524ms
-> request: /sso/ping
-> GET /sso/ping,200|361ms
-> request: /sso/ping
-> GET /sso/ping,200|330ms
-> request: /sso/ping
-> GET /sso/ping,200|216ms
-> request: /sso/ping
-> GET /sso/ping,200|236ms
-> request: /sso/ping
-> GET /sso/ping,200|289ms
-> request: /sso/ping
-> GET /sso/ping,200|425ms
-> request: /sso/ping
-> GET /sso/ping,200|316ms
-> request: /sso/ping
-> GET /sso/ping,200|278ms
-> request: /sso/ping
-> GET /sso/ping,200|226ms
-> request: /sso/ping
-> GET /sso/ping,200|332ms
-> request: /sso/ping
-> GET /sso/ping,200|251ms
-> request: /sso/ping
-> GET /sso/ping,200|230ms
-> request: /sso/ping
-> GET /sso/ping,200|204ms
-> request: /sso/ping
-> GET /sso/ping,200|246ms
-> request: /sso/ping
-> GET /sso/ping,200|573ms
-> request: /sso/ping
-> GET /sso/ping,200|213ms
-> request: /sso/ping
-> GET /sso/ping,200|228ms
-> request: /sso/ping
-> GET /sso/ping,200|368ms
-> request: /sso/ping
-> GET /sso/ping,200|267ms
-> request: /sso/ping
-> GET /sso/ping,200|309ms
-> request: /sso/ping
-> GET /sso/ping,200|282ms
-> request: /sso/ping
-> GET /sso/ping,200|268ms
-> request: /sso/ping
-> GET /sso/ping,200|280ms
-> request: /sso/ping
-> GET /sso/ping,200|306ms
-> request: /sso/ping
-> GET /sso/ping,200|277ms
-> request: /sso/ping
-> GET /sso/ping,200|279ms
-> request: /sso/ping
-> GET /sso/ping,200|266ms
-> request: /sso/ping
-> GET /sso/ping,200|270ms
-> request: /sso/ping
-> GET /sso/ping,200|215ms
-> request: /sso/ping
-> GET /sso/ping,200|227ms
-> request: /sso/ping
-> GET /sso/ping,200|243ms
-> request: /sso/ping
-> GET /sso/ping,200|292ms
-> request: /sso/ping
-> GET /sso/ping,200|300ms
-> request: /sso/ping
-> GET /sso/ping,200|214ms
-> GET /sso/Login?forwardTo=22&RL=1&ip2loc=US
<- 200 GET /sso/Login?forwardTo=22&RL=1&ip2loc=US
-> GET /css/bootstrap-5.2.2/bootstrap.min.css
-> GET /css/fontawesome-6.2.0/all.min.css
<- 200 GET /css/bootstrap-5.2.2/bootstrap.min.css
<- 200 GET /css/fontawesome-6.2.0/all.min.css
-> GET /css/reg-am/login.min.css
-> GET /css/ibkr/theme-ibkr-portal.min.css
-> GET /css/bootstrap-switch-3.3.2/bootstrap-switch.min.css
-> GET /scripts/common/js/jquery-3.7.0/jquery.min.js
<- 200 GET /css/ibkr/theme-ibkr-portal.min.css
<- 200 GET /css/reg-am/login.min.css
-> GET /scripts/common/js/bootstrap-5.2.2/bootstrap.bundle.min.js
<- 200 GET /scripts/common/js/bootstrap-5.2.2/bootstrap.bundle.min.js
-> GET /sso/lib/xyz.bundle.min.js
<- 200 GET /scripts/common/js/jquery-3.7.0/jquery.min.js
<- 200 GET /sso/lib/xyz.bundle.min.js
<- 200 GET /css/bootstrap-switch-3.3.2/bootstrap-switch.min.css
-> GET /images/common/logos/ibkr/interactive-brokers.svg
<- 200 GET /images/common/logos/ibkr/interactive-brokers.svg
-> GET /fonts/proxima-nova/Proxima-Nova-Regular.woff2
-> GET /fonts/fontawesome-6.4.2/webfonts/fa-solid-900.woff2
-> GET /fonts/fontawesome-6.2.0/webfonts/fa-brands-400.woff2
<- 200 GET /fonts/proxima-nova/Proxima-Nova-Regular.woff2
-> GET /fonts/proxima-nova/Proxima-Nova-Semibold.woff2
<- 200 GET /fonts/fontawesome-6.4.2/webfonts/fa-solid-900.woff2
<- 200 GET /fonts/proxima-nova/Proxima-Nova-Semibold.woff2
<- 200 GET /fonts/fontawesome-6.2.0/webfonts/fa-brands-400.woff2
-> POST /sso/Authenticator
<- 200 POST /sso/Authenticator
-> POST /sso/Authenticator
<- 200 POST /sso/Authenticator
-> POST /sso/Authenticator
<- 200 POST /sso/Authenticator
-> GET /fonts/proxima-nova/proximanova-extrabold.woff2
<- 200 GET /fonts/proxima-nova/proximanova-extrabold.woff2
-> POST /sso/Authenticator
<- 200 POST /sso/Authenticator
-> POST /sso/Authenticator
<- 200 POST /sso/Authenticator
-> POST /sso/Authenticator
<- 200 POST /sso/Authenticator
-> POST /sso/Authenticator
<- 200 POST /sso/Authenticator
-> POST /sso/Dispatcher
<- 302 POST /sso/Dispatcher
-> request: /v1/api/sso/validate?gw=1
-> GET /v1/api/sso/validate?gw=1,200|276ms
-> request: /v1/api/one/user
-> request: /v1/api/ssodh/init
-> sso GET https://api.ibkr.com/v1/api/ssodh/init
-> GET /v1/api/one/user,200|774ms
-> request: /v1/api/ssodh/st
-> sso GET https://api.ibkr.com/v1/api/ssodh/st
-> request: /v1/api/iserver/auth/status
-> GET /v1/api/iserver/auth/status,200|228ms
-> request: /v1/api/iserver/auth/ssodh/init
-> POST https://api.ibkr.com/v1/api/iserver/auth/ssodh/init,200|1793ms
-> request: /v1/api/iserver/accounts
-> GET /v1/api/iserver/accounts,200|263ms
-> GET /v1/api/portfolio/U4264576/positions
<- 200 GET /v1/api/portfolio/U4264576/positions
-> GET /v1/api/iserver/marketdata/snapshot?conids=653081429,653081500,672829101,672829170,681926954,681927105,674163806,653250687,653250400,763665580,763665630,653152108,758141216,716497189,703415595,703415862,712169275,712168761,765895478,765895679,653157694,692857360,692857481,728874969,724340545,731526272,731526352,754945951,763687845,763689106,763689160,728902115,758170739,763732402,763732470,756975736,758204706,763724597,767949821,766259977,765590847,765911657,715191758,715192028,653319808,760319827,763762262,695638272,729003845,60532895,11031&fields=7308,7309,7310,7311,31,7633,6457
<- 200 GET /v1/api/iserver/marketdata/snapshot?conids=653081429,653081500,672829101,672829170,681926954,681927105,674163806,653250687,653250400,763665580,763665630,653152108,758141216,716497189,703415595,703415862,712169275,712168761,765895478,765895679,653157694,692857360,692857481,728874969,724340545,731526272,731526352,754945951,763687845,763689106,763689160,728902115,758170739,763732402,763732470,756975736,758204706,763724597,767949821,766259977,765590847,765911657,715191758,715192028,653319808,760319827,763762262,695638272,729003845,60532895,11031&fields=7308,7309,7310,7311,31,7633,6457
-> request: /v1/api/tickle
-> GET /v1/api/tickle,200|498ms
-> GET /v1/api/portfolio/U4264576/positions
<- 200 GET /v1/api/portfolio/U4264576/positions
-> GET /v1/api/iserver/marketdata/snapshot?conids=653081429,653081500,672829101,672829170,681926954,681927105,674163806,653250687,653250400,763665580,763665630,653152108,758141216,716497189,703415595,703415862,712169275,712168761,765895478,765895679,653157694,692857360,692857481,728874969,724340545,731526272,731526352,754945951,763687845,763689106,763689160,728902115,758170739,763732402,763732470,756975736,758204706,763724597,767949821,766259977,765590847,765911657,715191758,715192028,653319808,760319827,763762262,695638272,729003845,60532895,11031&fields=7308,7309,7310,7311,31,7633,6457
<- 200 GET /v1/api/iserver/marketdata/snapshot?conids=653081429,653081500,672829101,672829170,681926954,681927105,674163806,653250687,653250400,763665580,763665630,653152108,758141216,716497189,703415595,703415862,712169275,712168761,765895478,765895679,653157694,692857360,692857481,728874969,724340545,731526272,731526352,754945951,763687845,763689106,763689160,728902115,758170739,763732402,763732470,756975736,758204706,763724597,767949821,766259977,765590847,765911657,715191758,715192028,653319808,760319827,763762262,695638272,729003845,60532895,11031&fields=7308,7309,7310,7311,31,7633,6457
-> GET /v1/api/iserver/marketdata/snapshot?conids=4391,3691937,761335611,5684,44001820,51529211,208813719,209411798,152486141,83975037,75960201,11031,756733,365207014,nan&fields=55,31,7287,7655
<- 200 GET /v1/api/iserver/marketdata/snapshot?conids=4391,3691937,761335611,5684,44001820,51529211,208813719,209411798,152486141,83975037,75960201,11031,756733,365207014,nan&fields=55,31,7287,7655
-> GET /v1/api/portfolio/U4264576/positions
<- 200 GET /v1/api/portfolio/U4264576/positions
-> GET /v1/api/iserver/marketdata/snapshot?conids=653081429,653081500,672829101,672829170,681926954,681927105,674163806,653250687,653250400,763665580,763665630,653152108,758141216,716497189,703415595,703415862,712169275,712168761,765895478,765895679,653157694,692857360,692857481,728874969,724340545,731526272,731526352,754945951,763687845,763689106,763689160,728902115,758170739,763732402,763732470,756975736,758204706,763724597,767949821,766259977,765590847,765911657,715191758,715192028,653319808,760319827,763762262,695638272,729003845,60532895,11031&fields=7308,7309,7310,7311,31,7633,6457
<- 200 GET /v1/api/iserver/marketdata/snapshot?conids=653081429,653081500,672829101,672829170,681926954,681927105,674163806,653250687,653250400,763665580,763665630,653152108,758141216,716497189,703415595,703415862,712169275,712168761,765895478,765895679,653157694,692857360,692857481,728874969,724340545,731526272,731526352,754945951,763687845,763689106,763689160,728902115,758170739,763732402,763732470,756975736,758204706,763724597,767949821,766259977,765590847,765911657,715191758,715192028,653319808,760319827,763762262,695638272,729003845,60532895,11031&fields=7308,7309,7310,7311,31,7633,6457
-> GET /v1/api/iserver/marketdata/snapshot?conids=4391,3691937,761335611,5684,44001820,51529211,208813719,209411798,152486141,83975037,75960201,11031,756733,365207014,nan&fields=55,31,7287,7655
<- 200 GET /v1/api/iserver/marketdata/snapshot?conids=4391,3691937,761335611,5684,44001820,51529211,208813719,209411798,152486141,83975037,75960201,11031,756733,365207014,nan&fields=55,31,7287,7655
-> request: /v1/api/tickle
-> GET /v1/api/tickle,200|311ms
-> request: /v1/api/tickle
-> GET /v1/api/tickle,200|496ms
-> request: /v1/api/tickle
-> GET /v1/api/tickle,200|392ms
-> request: /v1/api/tickle
-> GET /v1/api/tickle,200|326ms
-> request: /v1/api/tickle
-> GET /v1/api/tickle,200|217ms
-> request: /v1/api/tickle
-> GET /v1/api/tickle,200|198ms
-> request: /v1/api/tickle
-> GET /v1/api/tickle,200|291ms
-> request: /v1/api/tickle
-> GET /v1/api/tickle,200|368ms
-> GET /v1/api/portfolio/U4264576/positions
<- 200 GET /v1/api/portfolio/U4264576/positions
-> GET /v1/api/iserver/marketdata/snapshot?conids=653081429,653081500,672829101,672829170,681926954,681927105,674163806,653250687,653250400,763665580,763665630,653152108,758141216,716497189,703415595,703415862,712169275,712168761,765895478,765895679,653157694,692857360,692857481,728874969,724340545,731526272,731526352,754945951,763687845,763689106,763689160,728902115,758170739,763732402,763732470,756975736,758204706,763724597,767949821,766259977,765590847,765911657,715191758,715192028,653319808,760319827,763762262,695638272,729003845,60532895,11031&fields=7308,7309,7310,7311,31,7633,6457
<- 200 GET /v1/api/iserver/marketdata/snapshot?conids=653081429,653081500,672829101,672829170,681926954,681927105,674163806,653250687,653250400,763665580,763665630,653152108,758141216,716497189,703415595,703415862,712169275,712168761,765895478,765895679,653157694,692857360,692857481,728874969,724340545,731526272,731526352,754945951,763687845,763689106,763689160,728902115,758170739,763732402,763732470,756975736,758204706,763724597,767949821,766259977,765590847,765911657,715191758,715192028,653319808,760319827,763762262,695638272,729003845,60532895,11031&fields=7308,7309,7310,7311,31,7633,6457
-> GET /v1/api/iserver/marketdata/snapshot?conids=4391,3691937,761335611,5684,44001820,51529211,208813719,209411798,152486141,83975037,75960201,11031,756733,365207014,nan&fields=55,31,7287,7655
<- 200 GET /v1/api/iserver/marketdata/snapshot?conids=4391,3691937,761335611,5684,44001820,51529211,208813719,209411798,152486141,83975037,75960201,11031,756733,365207014,nan&fields=55,31,7287,7655
-> request: /sso/ping
-> GET /sso/ping,200|233ms
-> request: /v1/api/tickle
-> GET /v1/api/tickle,200|263ms
-> request: /v1/api/tickle
-> GET /v1/api/tickle,200|222ms
-> request: /v1/api/tickle
-> GET /v1/api/tickle,200|458ms
-> GET /v1/api/portfolio/U4264576/positions
<- 200 GET /v1/api/portfolio/U4264576/positions
-> GET /v1/api/iserver/marketdata/snapshot?conids=653081429,653081500,672829101,672829170,681926954,681927105,674163806,653250687,653250400,763665580,763665630,653152108,758141216,716497189,703415595,703415862,712169275,712168761,765895478,765895679,653157694,692857360,692857481,728874969,724340545,731526272,731526352,754945951,763687845,763689106,763689160,728902115,758170739,763732402,763732470,756975736,758204706,763724597,767949821,766259977,765590847,765911657,715191758,715192028,653319808,760319827,763762262,695638272,729003845,60532895,11031&fields=7308,7309,7310,7311,31,7633,6457
<- 200 GET /v1/api/iserver/marketdata/snapshot?conids=653081429,653081500,672829101,672829170,681926954,681927105,674163806,653250687,653250400,763665580,763665630,653152108,758141216,716497189,703415595,703415862,712169275,712168761,765895478,765895679,653157694,692857360,692857481,728874969,724340545,731526272,731526352,754945951,763687845,763689106,763689160,728902115,758170739,763732402,763732470,756975736,758204706,763724597,767949821,766259977,765590847,765911657,715191758,715192028,653319808,760319827,763762262,695638272,729003845,60532895,11031&fields=7308,7309,7310,7311,31,7633,6457
-> GET /v1/api/iserver/marketdata/snapshot?conids=4391,3691937,761335611,5684,44001820,51529211,208813719,209411798,152486141,83975037,75960201,11031,756733,365207014,nan&fields=55,31,7287,7655
<- 200 GET /v1/api/iserver/marketdata/snapshot?conids=4391,3691937,761335611,5684,44001820,51529211,208813719,209411798,152486141,83975037,75960201,11031,756733,365207014,nan&fields=55,31,7287,7655
-> GET /v1/api/portfolio/U4264576/positions
<- 200 GET /v1/api/portfolio/U4264576/positions
-> request: /v1/api/tickle
-> GET /v1/api/tickle,200|366ms
-> GET /v1/api/iserver/marketdata/snapshot?conids=653081429,653081500,672829101,672829170,681926954,681927105,674163806,653250687,653250400,763665580,763665630,653152108,758141216,716497189,703415595,703415862,712169275,712168761,765895478,765895679,653157694,692857360,692857481,728874969,724340545,731526272,731526352,754945951,763687845,763689106,763689160,728902115,758170739,763732402,763732470,756975736,758204706,763724597,767949821,766259977,765590847,765911657,715191758,715192028,653319808,760319827,763762262,695638272,729003845,60532895,11031&fields=7308,7309,7310,7311,31,7633,6457
<- 200 GET /v1/api/iserver/marketdata/snapshot?conids=653081429,653081500,672829101,672829170,681926954,681927105,674163806,653250687,653250400,763665580,763665630,653152108,758141216,716497189,703415595,703415862,712169275,712168761,765895478,765895679,653157694,692857360,692857481,728874969,724340545,731526272,731526352,754945951,763687845,763689106,763689160,728902115,758170739,763732402,763732470,756975736,758204706,763724597,767949821,766259977,765590847,765911657,715191758,715192028,653319808,760319827,763762262,695638272,729003845,60532895,11031&fields=7308,7309,7310,7311,31,7633,6457
-> GET /v1/api/iserver/marketdata/snapshot?conids=4391,3691937,761335611,5684,44001820,51529211,208813719,209411798,152486141,83975037,75960201,11031,756733,365207014,nan&fields=55,31,7287,7655
<- 200 GET /v1/api/iserver/marketdata/snapshot?conids=4391,3691937,761335611,5684,44001820,51529211,208813719,209411798,152486141,83975037,75960201,11031,756733,365207014,nan&fields=55,31,7287,7655
-> request: /v1/api/tickle
-> GET /v1/api/tickle,200|220ms
-> request: /v1/api/tickle
-> GET /v1/api/tickle,200|243ms
-> GET /v1/api/portfolio/U4264576/positions
<- 200 GET /v1/api/portfolio/U4264576/positions
-> GET /v1/api/iserver/marketdata/snapshot?conids=653081429,653081500,672829101,672829170,681926954,681927105,674163806,653250687,653250400,763665580,763665630,653152108,758141216,716497189,703415595,703415862,712169275,712168761,765895478,765895679,653157694,692857360,692857481,728874969,724340545,731526272,731526352,754945951,763687845,763689106,763689160,728902115,758170739,763732402,763732470,756975736,758204706,763724597,767949821,766259977,765590847,765911657,715191758,715192028,653319808,760319827,763762262,695638272,729003845,60532895,11031&fields=7308,7309,7310,7311,31,7633,6457
<- 200 GET /v1/api/iserver/marketdata/snapshot?conids=653081429,653081500,672829101,672829170,681926954,681927105,674163806,653250687,653250400,763665580,763665630,653152108,758141216,716497189,703415595,703415862,712169275,712168761,765895478,765895679,653157694,692857360,692857481,728874969,724340545,731526272,731526352,754945951,763687845,763689106,763689160,728902115,758170739,763732402,763732470,756975736,758204706,763724597,767949821,766259977,765590847,765911657,715191758,715192028,653319808,760319827,763762262,695638272,729003845,60532895,11031&fields=7308,7309,7310,7311,31,7633,6457
-> request: /v1/api/tickle
-> GET /v1/api/tickle,200|250ms
-> GET /v1/api/iserver/marketdata/snapshot?conids=4391,3691937,761335611,5684,44001820,51529211,208813719,209411798,152486141,83975037,75960201,11031,756733,365207014,nan&fields=55,31,7287,7655
<- 200 GET /v1/api/iserver/marketdata/snapshot?conids=4391,3691937,761335611,5684,44001820,51529211,208813719,209411798,152486141,83975037,75960201,11031,756733,365207014,nan&fields=55,31,7287,7655
-> request: /v1/api/tickle
-> GET /v1/api/tickle,200|270ms
-> request: /v1/api/tickle
-> GET /v1/api/tickle,200|214ms
-> GET /v1/api/portfolio/U4264576/positions
<- 200 GET /v1/api/portfolio/U4264576/positions
-> GET /v1/api/iserver/marketdata/snapshot?conids=653081429,653081500,672829101,672829170,681926954,681927105,674163806,653250687,653250400,763665580,763665630,653152108,758141216,716497189,703415595,703415862,712169275,712168761,765895478,765895679,653157694,692857360,692857481,728874969,724340545,731526272,731526352,754945951,763687845,763689106,763689160,728902115,758170739,763732402,763732470,756975736,758204706,763724597,767949821,766259977,765590847,765911657,715191758,715192028,653319808,760319827,763762262,695638272,729003845,60532895,11031&fields=7308,7309,7310,7311,31,7633,6457
<- 200 GET /v1/api/iserver/marketdata/snapshot?conids=653081429,653081500,672829101,672829170,681926954,681927105,674163806,653250687,653250400,763665580,763665630,653152108,758141216,716497189,703415595,703415862,712169275,712168761,765895478,765895679,653157694,692857360,692857481,728874969,724340545,731526272,731526352,754945951,763687845,763689106,763689160,728902115,758170739,763732402,763732470,756975736,758204706,763724597,767949821,766259977,765590847,765911657,715191758,715192028,653319808,760319827,763762262,695638272,729003845,60532895,11031&fields=7308,7309,7310,7311,31,7633,6457
-> GET /v1/api/iserver/marketdata/snapshot?conids=4391,3691937,761335611,5684,44001820,51529211,208813719,209411798,152486141,83975037,75960201,11031,756733,365207014,nan&fields=55,31,7287,7655
<- 200 GET /v1/api/iserver/marketdata/snapshot?conids=4391,3691937,761335611,5684,44001820,51529211,208813719,209411798,152486141,83975037,75960201,11031,756733,365207014,nan&fields=55,31,7287,7655
-> GET /v1/api/portfolio/U4264576/positions
<- 200 GET /v1/api/portfolio/U4264576/positions
-> GET /v1/api/iserver/marketdata/snapshot?conids=653081429,653081500,672829101,672829170,681926954,681927105,674163806,653250687,653250400,763665580,763665630,653152108,758141216,716497189,703415595,703415862,712169275,712168761,765895478,765895679,653157694,692857360,692857481,728874969,724340545,731526272,731526352,754945951,763687845,763689106,763689160,728902115,758170739,763732402,763732470,756975736,758204706,763724597,767949821,766259977,765590847,765911657,715191758,715192028,653319808,760319827,763762262,695638272,729003845,60532895,11031&fields=7308,7309,7310,7311,31,7633,6457
<- 200 GET /v1/api/iserver/marketdata/snapshot?conids=653081429,653081500,672829101,672829170,681926954,681927105,674163806,653250687,653250400,763665580,763665630,653152108,758141216,716497189,703415595,703415862,712169275,712168761,765895478,765895679,653157694,692857360,692857481,728874969,724340545,731526272,731526352,754945951,763687845,763689106,763689160,728902115,758170739,763732402,763732470,756975736,758204706,763724597,767949821,766259977,765590847,765911657,715191758,715192028,653319808,760319827,763762262,695638272,729003845,60532895,11031&fields=7308,7309,7310,7311,31,7633,6457
-> GET /v1/api/iserver/marketdata/snapshot?conids=4391,3691937,761335611,5684,44001820,51529211,208813719,209411798,152486141,83975037,75960201,11031,756733,365207014,nan&fields=55,31,7287,7655
<- 200 GET /v1/api/iserver/marketdata/snapshot?conids=4391,3691937,761335611,5684,44001820,51529211,208813719,209411798,152486141,83975037,75960201,11031,756733,365207014,nan&fields=55,31,7287,7655
-> request: /v1/api/tickle
-> GET /v1/api/tickle,200|209ms
-> request: /v1/api/sso/validate?gw=1
-> request: /v1/api/sso/validate?gw=1
-> GET /v1/api/sso/validate?gw=1,200|252ms
-> request: /v1/api/one/user
-> request: /v1/api/ssodh/init
-> sso GET https://api.ibkr.com/v1/api/ssodh/init
-> GET /v1/api/sso/validate?gw=1,200|260ms
-> request: /v1/api/one/user
-> request: /v1/api/ssodh/init
-> sso GET https://api.ibkr.com/v1/api/ssodh/init
-> GET /v1/api/one/user,200|201ms
-> GET /v1/api/one/user,200|214ms
-> GET /v1/api/portfolio/U4264576/positions
<- 200 GET /v1/api/portfolio/U4264576/positions
-> GET /v1/api/iserver/marketdata/snapshot?conids=653081429,653081500,672829101,672829170,681926954,681927105,674163806,653250687,653250400,763665580,763665630,653152108,758141216,716497189,703415595,703415862,712169275,712168761,765895478,765895679,653157694,692857360,692857481,728874969,724340545,731526272,731526352,754945951,763687845,763689106,763689160,728902115,758170739,763732402,763732470,756975736,758204706,763724597,767949821,766259977,765590847,765911657,715191758,715192028,653319808,760319827,763762262,695638272,729003845,60532895,11031&fields=7308,7309,7310,7311,31,7633,6457
<- 200 GET /v1/api/iserver/marketdata/snapshot?conids=653081429,653081500,672829101,672829170,681926954,681927105,674163806,653250687,653250400,763665580,763665630,653152108,758141216,716497189,703415595,703415862,712169275,712168761,765895478,765895679,653157694,692857360,692857481,728874969,724340545,731526272,731526352,754945951,763687845,763689106,763689160,728902115,758170739,763732402,763732470,756975736,758204706,763724597,767949821,766259977,765590847,765911657,715191758,715192028,653319808,760319827,763762262,695638272,729003845,60532895,11031&fields=7308,7309,7310,7311,31,7633,6457
-> GET /v1/api/iserver/marketdata/snapshot?conids=4391,3691937,761335611,5684,44001820,51529211,208813719,209411798,152486141,83975037,75960201,11031,756733,365207014,nan&fields=55,31,7287,7655
<- 200 GET /v1/api/iserver/marketdata/snapshot?conids=4391,3691937,761335611,5684,44001820,51529211,208813719,209411798,152486141,83975037,75960201,11031,756733,365207014,nan&fields=55,31,7287,7655
-> GET /v1/api/portfolio/U4264576/positions
<- 200 GET /v1/api/portfolio/U4264576/positions
-> GET /v1/api/iserver/marketdata/snapshot?conids=653081429,653081500,672829101,672829170,681926954,681927105,674163806,653250687,653250400,763665580,763665630,653152108,758141216,716497189,703415595,703415862,712169275,712168761,765895478,765895679,653157694,692857360,692857481,728874969,724340545,731526272,731526352,754945951,763687845,763689106,763689160,728902115,758170739,763732402,763732470,756975736,758204706,763724597,767949821,766259977,765590847,765911657,715191758,715192028,653319808,760319827,763762262,695638272,729003845,60532895,11031&fields=7308,7309,7310,7311,31,7633,6457
<- 200 GET /v1/api/iserver/marketdata/snapshot?conids=653081429,653081500,672829101,672829170,681926954,681927105,674163806,653250687,653250400,763665580,763665630,653152108,758141216,716497189,703415595,703415862,712169275,712168761,765895478,765895679,653157694,692857360,692857481,728874969,724340545,731526272,731526352,754945951,763687845,763689106,763689160,728902115,758170739,763732402,763732470,756975736,758204706,763724597,767949821,766259977,765590847,765911657,715191758,715192028,653319808,760319827,763762262,695638272,729003845,60532895,11031&fields=7308,7309,7310,7311,31,7633,6457
-> GET /v1/api/iserver/marketdata/snapshot?conids=4391,3691937,761335611,5684,44001820,51529211,208813719,209411798,152486141,83975037,75960201,11031,756733,365207014,nan&fields=55,31,7287,7655
<- 200 GET /v1/api/iserver/marketdata/snapshot?conids=4391,3691937,761335611,5684,44001820,51529211,208813719,209411798,152486141,83975037,75960201,11031,756733,365207014,nan&fields=55,31,7287,7655
-> GET /v1/api/portfolio/U4264576/positions
<- 200 GET /v1/api/portfolio/U4264576/positions
-> GET /v1/api/iserver/marketdata/snapshot?conids=653081429,653081500,672829101,672829170,681926954,681927105,674163806,653250687,653250400,763665580,763665630,653152108,758141216,716497189,703415595,703415862,712169275,712168761,765895478,765895679,653157694,692857360,692857481,728874969,724340545,731526272,731526352,754945951,763687845,763689106,763689160,728902115,758170739,763732402,763732470,756975736,758204706,763724597,767949821,766259977,765590847,765911657,715191758,715192028,653319808,760319827,763762262,695638272,729003845,60532895,11031&fields=7308,7309,7310,7311,31,7633,6457
<- 200 GET /v1/api/iserver/marketdata/snapshot?conids=653081429,653081500,672829101,672829170,681926954,681927105,674163806,653250687,653250400,763665580,763665630,653152108,758141216,716497189,703415595,703415862,712169275,712168761,765895478,765895679,653157694,692857360,692857481,728874969,724340545,731526272,731526352,754945951,763687845,763689106,763689160,728902115,758170739,763732402,763732470,756975736,758204706,763724597,767949821,766259977,765590847,765911657,715191758,715192028,653319808,760319827,763762262,695638272,729003845,60532895,11031&fields=7308,7309,7310,7311,31,7633,6457
-> GET /v1/api/iserver/marketdata/snapshot?conids=4391,3691937,761335611,5684,44001820,51529211,208813719,209411798,152486141,83975037,75960201,11031,756733,365207014,nan&fields=55,31,7287,7655
<- 200 GET /v1/api/iserver/marketdata/snapshot?conids=4391,3691937,761335611,5684,44001820,51529211,208813719,209411798,152486141,83975037,75960201,11031,756733,365207014,nan&fields=55,31,7287,7655
-> request: /sso/ping
-> GET /sso/ping,200|192ms
-> request: /sso/ping
-> GET /sso/ping,200|214ms
-> request: /sso/ping
-> GET /sso/ping,200|280ms
-> request: /sso/ping
-> GET /sso/ping,200|314ms
-> request: /sso/ping
-> GET /sso/ping,200|265ms
-> request: /sso/ping
-> GET /sso/ping,200|217ms
-> request: /sso/ping
-> GET /sso/ping,200|221ms
-> request: /sso/ping
-> GET /sso/ping,200|259ms
-> request: /sso/ping
-> GET /sso/ping,200|313ms
-> request: /sso/ping
-> GET /sso/ping,200|232ms
